{"level":"info","message":"loader => ","timestamp":"2023-02-22T17:01:42.179Z"}
{"level":"info","message":"loader => ","timestamp":"2023-02-22T17:01:42.217Z"}
{"level":"info","message":"loader => ","timestamp":"2023-02-22T17:02:49.162Z"}
{"level":"info","message":"loader => ","timestamp":"2023-02-22T17:02:49.169Z"}
{"level":"info","message":"loader => ","timestamp":"2023-02-22T17:02:52.052Z"}
{"level":"info","message":"loader => ","timestamp":"2023-02-22T17:03:01.064Z"}
{"level":"info","message":"loader => ","timestamp":"2023-02-22T17:03:02.226Z"}
{"level":"info","message":"loader => ","timestamp":"2023-02-22T17:03:02.381Z"}
{"level":"info","message":"loader => ","timestamp":"2023-02-22T17:03:02.561Z"}
{"level":"info","message":"loader => ","timestamp":"2023-02-22T17:03:02.711Z"}
{"level":"info","message":"loader => ","timestamp":"2023-02-22T17:03:03.151Z"}
{"level":"info","message":"loader => ","timestamp":"2023-02-22T17:03:03.596Z"}
{"level":"info","message":"loader => ","timestamp":"2023-02-22T17:03:15.982Z"}
{"level":"info","message":"loader => ","timestamp":"2023-02-22T17:03:16.560Z"}
{"level":"info","message":"loader => ","timestamp":"2023-02-22T17:03:36.924Z"}
{"level":"info","message":"loader => ","timestamp":"2023-02-22T17:03:36.927Z"}
{"level":"info","message":"loader => ","timestamp":"2023-02-22T17:03:37.969Z"}
{"level":"info","message":"loader => ","timestamp":"2023-02-22T17:03:39.570Z"}
{"level":"info","message":"loader => ","timestamp":"2023-02-22T17:03:40.876Z"}
{"level":"info","message":"loader => ","timestamp":"2023-02-22T17:03:41.528Z"}
{"level":"info","message":"loader => ","timestamp":"2023-02-22T17:03:46.389Z"}
{"level":"info","message":"loader => ","timestamp":"2023-02-22T17:03:47.404Z"}
{"level":"info","message":"loader => ","timestamp":"2023-02-22T17:04:00.082Z"}
{"level":"info","message":"loader => ","timestamp":"2023-02-22T17:04:45.622Z"}
{"level":"info","message":"loader => ","timestamp":"2023-02-22T17:04:45.626Z"}
{"level":"info","message":"loader => ","timestamp":"2023-02-22T17:04:55.549Z"}
{"level":"info","message":"loader => ","timestamp":"2023-02-22T17:05:45.110Z"}
{"level":"info","message":"loader => ","timestamp":"2023-02-22T17:05:45.113Z"}
{"level":"info","message":"loader => ","timestamp":"2023-02-22T17:06:19.218Z"}
{"level":"info","message":"loader => ","timestamp":"2023-02-22T17:06:19.220Z"}
{"level":"info","message":{"method":"GET","url":"http://localhost:3000/dashboard/users","userId":"cle4n7g4e00008as90nef1w9v"},"timestamp":"2023-02-22T17:07:02.073Z"}
{"level":"info","message":{"method":"GET","url":"http://localhost:3000/dashboard/logs","userId":"cle4n7g4e00008as90nef1w9v"},"timestamp":"2023-02-22T17:07:02.082Z"}
{"level":"info","message":{"context":{},"method":"GET","params":{},"url":"http://localhost:3000/dashboard/logs","userId":"cle4n7g4e00008as90nef1w9v"},"timestamp":"2023-02-22T17:07:38.445Z"}
{"level":"info","message":{"context":{},"method":"GET","params":{},"url":"http://localhost:3000/dashboard/users","userId":"cle4n7g4e00008as90nef1w9v"},"timestamp":"2023-02-22T17:07:38.449Z"}
{"level":"info","message":{"context":{},"method":"GET","params":{},"url":"http://localhost:3000/tasks?assigneeId=cle4n7g4e00008as90nef1w9v","userId":"cle4n7g4e00008as90nef1w9v"},"timestamp":"2023-02-22T17:08:15.533Z"}
{"level":"info","message":{"context":{},"method":"GET","params":{},"url":"http://localhost:3000/dashboard/","userId":"cle4n7g4e00008as90nef1w9v"},"timestamp":"2023-02-22T17:08:18.579Z"}
{"level":"info","message":{"context":{},"method":"GET","params":{},"url":"http://localhost:3000/dashboard/","userId":"cle4n7g4e00008as90nef1w9v"},"timestamp":"2023-02-24T07:16:21.932Z"}
{"level":"info","message":{"context":{},"method":"GET","params":{},"url":"http://localhost:3000/dashboard/","userId":"cle4n7g4e00008as90nef1w9v"},"timestamp":"2023-02-24T07:16:28.360Z"}
{"level":"info","message":{"context":{},"method":"GET","params":{},"url":"http://localhost:3000/dashboard/","userId":"cle4n7g4e00008as90nef1w9v"},"timestamp":"2023-02-24T07:16:29.601Z"}
{"level":"info","message":{"context":{},"method":"GET","params":{},"url":"http://localhost:3000/dashboard/users","userId":"cle4n7g4e00008as90nef1w9v"},"timestamp":"2023-02-24T07:18:38.005Z"}
{"level":"info","message":{"context":{},"method":"GET","params":{},"url":"http://localhost:3000/dashboard","userId":"cle4n7g4e00008as90nef1w9v"},"timestamp":"2023-02-24T07:18:40.438Z"}
{"level":"info","message":{"context":{},"method":"GET","params":{},"url":"http://localhost:3000/dashboard","userId":"cle4n7g4e00008as90nef1w9v"},"timestamp":"2023-02-24T07:18:51.856Z"}
{"level":"info","message":{"context":{},"method":"GET","params":{},"url":"http://localhost:3000/dashboard","userId":"cle4n7g4e00008as90nef1w9v"},"timestamp":"2023-02-24T07:19:00.455Z"}
{"level":"info","message":{"context":{},"method":"GET","params":{},"url":"http://localhost:3000/dashboard","userId":"cle4n7g4e00008as90nef1w9v"},"timestamp":"2023-02-24T07:20:20.494Z"}
{"level":"info","message":{"context":{},"method":"GET","params":{},"url":"http://localhost:3000/dashboard","userId":"cle4n7g4e00008as90nef1w9v"},"timestamp":"2023-02-24T07:20:50.443Z"}
{"level":"info","message":{"context":{},"method":"GET","params":{},"url":"http://localhost:3000/dashboard","userId":"cle4n7g4e00008as90nef1w9v"},"timestamp":"2023-02-24T07:22:18.723Z"}
{"level":"info","message":{"context":{},"method":"GET","params":{},"url":"http://localhost:3000/dashboard","userId":"cle4n7g4e00008as90nef1w9v"},"timestamp":"2023-02-24T07:22:28.334Z"}
{"level":"info","message":{"context":{},"method":"GET","params":{},"url":"http://localhost:3000/dashboard","userId":"cle4n7g4e00008as90nef1w9v"},"timestamp":"2023-02-24T07:24:12.961Z"}
{"level":"info","message":{"context":{},"method":"GET","params":{},"url":"http://localhost:3000/dashboard","userId":"cle4n7g4e00008as90nef1w9v"},"timestamp":"2023-02-24T07:24:18.464Z"}
{"level":"info","message":{"context":{},"method":"GET","params":{"year":"2023"},"url":"http://localhost:3000/budget/2023","userId":"cle4n7g4e00008as90nef1w9v"},"timestamp":"2023-02-24T07:24:57.144Z"}
{"level":"info","message":{"context":{},"method":"GET","params":{"id":"new","year":"2023"},"url":"http://localhost:3000/budget/2023/new","userId":"cle4n7g4e00008as90nef1w9v"},"timestamp":"2023-02-24T07:25:19.688Z"}
{"level":"info","message":{"context":{},"method":"GET","params":{"id":"new","year":"2023"},"url":"http://localhost:3000/budget/2023/new","userId":"cle4n7g4e00008as90nef1w9v"},"timestamp":"2023-02-24T07:25:28.271Z"}
{"level":"info","message":{"context":{},"method":"GET","params":{"id":"new","year":"2023"},"url":"http://localhost:3000/budget/2023/new","userId":"cle4n7g4e00008as90nef1w9v"},"timestamp":"2023-02-24T07:25:32.996Z"}
{"level":"info","message":{"context":{},"method":"GET","params":{},"url":"http://localhost:3000/dashboard","userId":"cle4n7g4e00008as90nef1w9v"},"timestamp":"2023-02-24T07:26:03.053Z"}
{"level":"info","message":{"context":{},"method":"GET","params":{},"url":"http://localhost:3000/dashboard","userId":"cle4n7g4e00008as90nef1w9v"},"timestamp":"2023-02-24T07:26:09.187Z"}
{"level":"info","message":{"context":{},"method":"GET","params":{},"url":"http://localhost:3000/dashboard","userId":"cle4n7g4e00008as90nef1w9v"},"timestamp":"2023-02-24T07:26:25.759Z"}
{"level":"info","message":{"context":{},"method":"GET","params":{},"url":"http://localhost:3000/dashboard","userId":"cle4n7g4e00008as90nef1w9v"},"timestamp":"2023-02-24T07:26:36.878Z"}
{"level":"info","message":{"context":{},"method":"GET","params":{},"url":"http://localhost:3000/"},"timestamp":"2023-02-24T07:27:00.789Z"}
{"level":"info","message":{"context":{},"method":"GET","params":{},"url":"http://localhost:3000/","userId":"cle4n7g4i00058as9ipe7vwuq"},"timestamp":"2023-02-24T07:27:05.433Z"}
{"level":"info","message":{"context":{},"method":"GET","params":{},"url":"http://localhost:3000/","userId":"cle4n7g4i00058as9ipe7vwuq"},"timestamp":"2023-02-24T07:27:10.809Z"}
{"level":"info","message":{"context":{},"method":"GET","params":{},"url":"http://localhost:3000/tasks?assigneeId=cle4n7g4i00058as9ipe7vwuq","userId":"cle4n7g4i00058as9ipe7vwuq"},"timestamp":"2023-02-24T07:27:11.330Z"}
{"level":"info","message":{"context":{},"method":"GET","params":{},"url":"http://localhost:3000/projects","userId":"cle4n7g4i00058as9ipe7vwuq"},"timestamp":"2023-02-24T07:27:11.891Z"}
{"level":"info","message":{"context":{},"method":"GET","params":{},"url":"http://localhost:3000/"},"timestamp":"2023-02-24T07:27:17.133Z"}
{"level":"info","message":{"context":{},"method":"GET","params":{},"url":"http://localhost:3000/","userId":"cle4n7g4e00008as90nef1w9v"},"timestamp":"2023-02-24T07:27:21.161Z"}
{"level":"info","message":{"context":{},"method":"GET","params":{},"url":"http://localhost:3000/projects","userId":"cle4n7g4e00008as90nef1w9v"},"timestamp":"2023-02-25T10:18:33.717Z"}
{"level":"info","message":{"context":{},"method":"GET","params":{"year":"2022"},"url":"http://localhost:3000/budget/2022","userId":"cle4n7g4e00008as90nef1w9v"},"timestamp":"2023-02-25T10:22:48.070Z"}
{"level":"info","message":{"context":{},"method":"GET","params":{"year":"2023"},"url":"http://localhost:3000/budget/2023","userId":"cle4n7g4e00008as90nef1w9v"},"timestamp":"2023-02-25T10:39:58.180Z"}
{"level":"info","message":{"context":{},"method":"GET","params":{},"url":"http://localhost:3000/dashboard/","userId":"cle4n7g4e00008as90nef1w9v"},"timestamp":"2023-02-25T10:41:54.073Z"}
{"level":"info","message":{"context":{},"method":"GET","params":{},"url":"http://localhost:3000/dashboard/","userId":"cle4n7g4e00008as90nef1w9v"},"timestamp":"2023-02-25T10:41:54.676Z"}
{"level":"info","message":{"context":{},"method":"GET","params":{},"url":"http://localhost:3000/dashboard/","userId":"cle4n7g4e00008as90nef1w9v"},"timestamp":"2023-02-25T10:41:55.909Z"}
{"level":"info","message":{"context":{},"method":"GET","params":{},"url":"http://localhost:3000/tasks?assigneeId=cle4n7g4e00008as90nef1w9v","userId":"cle4n7g4e00008as90nef1w9v"},"timestamp":"2023-02-25T10:42:00.073Z"}
{"level":"info","message":{"context":{},"method":"GET","params":{},"url":"http://localhost:3000/projects","userId":"cle4n7g4e00008as90nef1w9v"},"timestamp":"2023-02-25T10:42:07.990Z"}
{"level":"info","message":{"context":{},"method":"GET","params":{},"url":"http://localhost:3000/tasks?assigneeId=cle4n7g4e00008as90nef1w9v","userId":"cle4n7g4e00008as90nef1w9v"},"timestamp":"2023-02-25T10:42:16.736Z"}
{"level":"info","message":{"context":{},"method":"GET","params":{},"url":"http://localhost:3000/","userId":"cle4n7g4e00008as90nef1w9v"},"timestamp":"2023-02-25T10:42:17.639Z"}
{"level":"info","message":{"context":{},"method":"GET","params":{},"url":"http://localhost:3000/projects/new","userId":"cle4n7g4e00008as90nef1w9v"},"timestamp":"2023-02-25T10:43:07.349Z"}
{"level":"info","message":{"context":{},"method":"GET","params":{},"url":"http://localhost:3000/projects/new","userId":"cle4n7g4e00008as90nef1w9v"},"timestamp":"2023-02-25T10:43:12.877Z"}
{"level":"info","message":{"context":{},"method":"GET","params":{},"url":"http://localhost:3000/projects/new","userId":"cle4n7g4e00008as90nef1w9v"},"timestamp":"2023-02-25T10:46:54.518Z"}
{"level":"info","message":{"context":{},"method":"GET","params":{},"url":"http://localhost:3000/projects/","userId":"cle4n7g4e00008as90nef1w9v"},"timestamp":"2023-02-25T10:47:09.503Z"}
{"level":"info","message":{"context":{},"method":"GET","params":{},"url":"http://localhost:3000/projects/","userId":"cle4n7g4e00008as90nef1w9v"},"timestamp":"2023-02-25T10:47:50.763Z"}
{"level":"info","message":{"context":{},"method":"GET","params":{},"url":"http://localhost:3000/projects/","userId":"cle4n7g4e00008as90nef1w9v"},"timestamp":"2023-02-25T10:48:07.229Z"}
{"level":"info","message":{"context":{},"method":"GET","params":{},"url":"http://localhost:3000/projects/","userId":"cle4n7g4e00008as90nef1w9v"},"timestamp":"2023-02-25T10:48:30.498Z"}
{"level":"info","message":{"context":{},"method":"GET","params":{},"url":"http://localhost:3000/projects/","userId":"cle4n7g4e00008as90nef1w9v"},"timestamp":"2023-02-25T10:48:41.380Z"}
{"level":"info","message":{"context":{},"method":"GET","params":{},"url":"http://localhost:3000/projects/","userId":"cle4n7g4e00008as90nef1w9v"},"timestamp":"2023-02-25T10:48:54.310Z"}
{"level":"info","message":{"context":{},"method":"GET","params":{},"url":"http://localhost:3000/projects/","userId":"cle4n7g4e00008as90nef1w9v"},"timestamp":"2023-02-25T10:49:34.623Z"}
{"level":"info","message":{"context":{},"method":"GET","params":{},"url":"http://localhost:3000/projects/","userId":"cle4n7g4e00008as90nef1w9v"},"timestamp":"2023-02-25T10:49:40.685Z"}
{"level":"info","message":{"context":{},"method":"GET","params":{},"url":"http://localhost:3000/projects/","userId":"cle4n7g4e00008as90nef1w9v"},"timestamp":"2023-02-25T10:49:40.766Z"}
{"level":"info","message":{"context":{},"method":"GET","params":{},"url":"http://localhost:3000/projects/","userId":"cle4n7g4e00008as90nef1w9v"},"timestamp":"2023-02-25T10:50:08.049Z"}
{"level":"info","message":{"context":{},"method":"GET","params":{},"url":"http://localhost:3000/projects/","userId":"cle4n7g4e00008as90nef1w9v"},"timestamp":"2023-02-25T10:53:20.112Z"}
{"level":"info","message":{"context":{},"method":"GET","params":{"id":"clejugioa0000y5hf41bejyt7"},"url":"http://localhost:3000/projects/clejugioa0000y5hf41bejyt7","userId":"cle4n7g4e00008as90nef1w9v"},"timestamp":"2023-02-25T11:00:48.280Z"}
{"level":"info","message":{"context":{},"method":"GET","params":{},"url":"http://localhost:3000/projects/","userId":"cle4n7g4e00008as90nef1w9v"},"timestamp":"2023-02-25T11:01:59.629Z"}
{"level":"info","message":{"context":{},"method":"GET","params":{"id":"create"},"url":"http://localhost:3000/projects/create","userId":"cle4n7g4e00008as90nef1w9v"},"timestamp":"2023-02-25T11:02:03.766Z"}
{"level":"info","message":{"context":{},"method":"GET","params":{"id":"create"},"url":"http://localhost:3000/projects/create","userId":"cle4n7g4e00008as90nef1w9v"},"timestamp":"2023-02-25T11:03:18.451Z"}
{"level":"info","message":{"context":{},"method":"GET","params":{"id":"create"},"url":"http://localhost:3000/projects/create","userId":"cle4n7g4e00008as90nef1w9v"},"timestamp":"2023-02-25T11:03:31.360Z"}
{"level":"info","message":{"context":{},"method":"GET","params":{"id":"create"},"url":"http://localhost:3000/projects/create","userId":"cle4n7g4e00008as90nef1w9v"},"timestamp":"2023-02-25T11:03:57.581Z"}
{"level":"info","message":{"context":{},"method":"GET","params":{"id":"create"},"url":"http://localhost:3000/projects/create","userId":"cle4n7g4e00008as90nef1w9v"},"timestamp":"2023-02-25T11:03:57.591Z"}
{"level":"info","message":{"context":{},"method":"GET","params":{"id":"create"},"url":"http://localhost:3000/projects/create","userId":"cle4n7g4e00008as90nef1w9v"},"timestamp":"2023-02-25T11:04:03.468Z"}
{"level":"info","message":{"context":{},"method":"GET","params":{"id":"create"},"url":"http://localhost:3000/projects/create","userId":"cle4n7g4e00008as90nef1w9v"},"timestamp":"2023-02-25T11:04:03.989Z"}
{"level":"info","message":{"context":{},"method":"GET","params":{"id":"create"},"url":"http://localhost:3000/projects/create","userId":"cle4n7g4e00008as90nef1w9v"},"timestamp":"2023-02-25T11:04:27.104Z"}
{"level":"info","message":{"context":{},"method":"GET","params":{"id":"create"},"url":"http://localhost:3000/projects/create","userId":"cle4n7g4e00008as90nef1w9v"},"timestamp":"2023-02-25T11:04:27.499Z"}
{"level":"info","message":{"context":{},"method":"GET","params":{"id":"create"},"url":"http://localhost:3000/projects/create","userId":"cle4n7g4e00008as90nef1w9v"},"timestamp":"2023-02-25T11:04:37.076Z"}
{"level":"info","message":{"context":{},"method":"GET","params":{"id":"create"},"url":"http://localhost:3000/projects/create","userId":"cle4n7g4e00008as90nef1w9v"},"timestamp":"2023-02-25T11:04:38.555Z"}
{"level":"info","message":{"context":{},"method":"GET","params":{"id":"create"},"url":"http://localhost:3000/projects/create","userId":"cle4n7g4e00008as90nef1w9v"},"timestamp":"2023-02-25T11:04:56.969Z"}
{"level":"info","message":{"context":{},"method":"GET","params":{"id":"create"},"url":"http://localhost:3000/projects/create","userId":"cle4n7g4e00008as90nef1w9v"},"timestamp":"2023-02-25T11:05:02.222Z"}
{"level":"info","message":{"context":{},"method":"GET","params":{"id":"create"},"url":"http://localhost:3000/projects/create","userId":"cle4n7g4e00008as90nef1w9v"},"timestamp":"2023-02-25T11:05:53.560Z"}
{"level":"info","message":{"context":{},"method":"GET","params":{"id":"create"},"url":"http://localhost:3000/projects/create","userId":"cle4n7g4e00008as90nef1w9v"},"timestamp":"2023-02-25T11:06:21.704Z"}
{"level":"info","message":{"context":{},"method":"GET","params":{"id":"create"},"url":"http://localhost:3000/projects/create","userId":"cle4n7g4e00008as90nef1w9v"},"timestamp":"2023-02-25T11:06:47.662Z"}
{"level":"info","message":{"context":{},"method":"GET","params":{"id":"create"},"url":"http://localhost:3000/projects/create","userId":"cle4n7g4e00008as90nef1w9v"},"timestamp":"2023-02-25T11:06:58.452Z"}
{"level":"info","message":{"context":{},"method":"GET","params":{},"url":"http://localhost:3000/projects/","userId":"cle4n7g4e00008as90nef1w9v"},"timestamp":"2023-02-25T11:06:59.268Z"}
{"level":"info","message":{"context":{},"method":"GET","params":{},"url":"http://localhost:3000/projects","userId":"cle4n7g4e00008as90nef1w9v"},"timestamp":"2023-02-25T11:06:59.526Z"}
{"level":"info","message":{"context":{},"method":"GET","params":{},"url":"http://localhost:3000/projects","userId":"cle4n7g4e00008as90nef1w9v"},"timestamp":"2023-02-25T11:07:07.167Z"}
{"level":"info","message":{"context":{},"method":"GET","params":{},"url":"http://localhost:3000/projects/","userId":"cle4n7g4e00008as90nef1w9v"},"timestamp":"2023-02-25T11:07:14.686Z"}
{"level":"info","message":{"context":{},"method":"GET","params":{"id":"s"},"url":"http://localhost:3000/projects/s","userId":"cle4n7g4e00008as90nef1w9v"},"timestamp":"2023-02-25T11:07:14.905Z"}
{"level":"info","message":{"context":{},"method":"GET","params":{"id":"sss"},"url":"http://localhost:3000/projects/sss","userId":"cle4n7g4e00008as90nef1w9v"},"timestamp":"2023-02-25T11:07:15.141Z"}
{"level":"info","message":{"context":{},"method":"GET","params":{"id":"sss"},"url":"http://localhost:3000/projects/sss","userId":"cle4n7g4e00008as90nef1w9v"},"timestamp":"2023-02-25T11:08:06.193Z"}
{"level":"info","message":{"context":{},"method":"GET","params":{"id":"sss"},"url":"http://localhost:3000/projects/sss","userId":"cle4n7g4e00008as90nef1w9v"},"timestamp":"2023-02-25T11:09:12.830Z"}
{"level":"info","message":{"context":{},"method":"GET","params":{},"url":"http://localhost:3000/projects/","userId":"cle4n7g4e00008as90nef1w9v"},"timestamp":"2023-02-25T11:09:17.772Z"}
{"level":"info","message":{"context":{},"method":"GET","params":{},"url":"http://localhost:3000/projects","userId":"cle4n7g4e00008as90nef1w9v"},"timestamp":"2023-02-25T11:09:18.061Z"}
{"level":"info","message":{"context":{},"method":"GET","params":{},"url":"http://localhost:3000/projects","userId":"cle4n7g4e00008as90nef1w9v"},"timestamp":"2023-02-25T11:10:01.680Z"}
{"level":"info","message":{"context":{},"method":"GET","params":{"id":"clejugioa0000y5hf41bejy7"},"url":"http://localhost:3000/projects/clejugioa0000y5hf41bejy7","userId":"cle4n7g4e00008as90nef1w9v"},"timestamp":"2023-02-25T11:10:14.575Z"}
{"level":"info","message":{"context":{},"method":"GET","params":{"id":"clejugioa0000y5hf41bejy7"},"url":"http://localhost:3000/projects/clejugioa0000y5hf41bejy7","userId":"cle4n7g4e00008as90nef1w9v"},"timestamp":"2023-02-25T11:10:43.956Z"}
{"level":"info","message":{"context":{},"method":"GET","params":{"id":"clejugioa0000y5hf41bejy7"},"url":"http://localhost:3000/projects/clejugioa0000y5hf41bejy7","userId":"cle4n7g4e00008as90nef1w9v"},"timestamp":"2023-02-25T11:11:28.465Z"}
{"level":"info","message":{"context":{},"method":"GET","params":{"id":"clejugioa0000y5hf41bejy7"},"url":"http://localhost:3000/projects/clejugioa0000y5hf41bejy7","userId":"cle4n7g4e00008as90nef1w9v"},"timestamp":"2023-02-25T11:11:46.582Z"}
{"level":"info","message":{"context":{},"method":"GET","params":{"id":"clejugioa0000y5hf41bejyt7"},"url":"http://localhost:3000/projects/clejugioa0000y5hf41bejyt7","userId":"cle4n7g4e00008as90nef1w9v"},"timestamp":"2023-02-25T11:11:49.621Z"}
{"level":"info","message":{"context":{},"method":"GET","params":{"id":"clejugioa0000y5hf41bejyt7"},"url":"http://localhost:3000/projects/clejugioa0000y5hf41bejyt7","userId":"cle4n7g4e00008as90nef1w9v"},"timestamp":"2023-02-25T11:12:22.403Z"}
{"level":"info","message":{"context":{},"method":"GET","params":{"id":"clejugioa0000y5hf41bejyt7"},"url":"http://localhost:3000/projects/clejugioa0000y5hf41bejyt7","userId":"cle4n7g4e00008as90nef1w9v"},"timestamp":"2023-02-25T11:12:23.769Z"}
{"level":"info","message":{"context":{},"method":"GET","params":{"id":"clejugioa0000y5hf41bejyt7x"},"url":"http://localhost:3000/projects/clejugioa0000y5hf41bejyt7x","userId":"cle4n7g4e00008as90nef1w9v"},"timestamp":"2023-02-25T11:12:25.583Z"}
{"level":"info","message":{"context":{},"method":"GET","params":{"id":"clejugioa0000y5hf41bejyt7x"},"url":"http://localhost:3000/projects/clejugioa0000y5hf41bejyt7x","userId":"cle4n7g4e00008as90nef1w9v"},"timestamp":"2023-02-25T11:12:27.522Z"}
{"level":"info","message":{"context":{},"method":"GET","params":{"id":"clejugioa0000y5hf41bejyt7x"},"url":"http://localhost:3000/projects/clejugioa0000y5hf41bejyt7x","userId":"cle4n7g4e00008as90nef1w9v"},"timestamp":"2023-02-25T11:12:38.679Z"}
{"level":"info","message":{"context":{},"method":"GET","params":{"id":"clejugioa0000y5hf41bejyt7x"},"url":"http://localhost:3000/projects/clejugioa0000y5hf41bejyt7x","userId":"cle4n7g4e00008as90nef1w9v"},"timestamp":"2023-02-25T11:12:49.507Z"}
{"level":"info","message":{"context":{},"method":"GET","params":{"id":"clejugioa0000y5hf41bejyt7x"},"url":"http://localhost:3000/projects/clejugioa0000y5hf41bejyt7x","userId":"cle4n7g4e00008as90nef1w9v"},"timestamp":"2023-02-25T11:12:56.022Z"}
{"level":"info","message":{"context":{},"method":"GET","params":{"id":"clejugioa0000y5hf41bejyt7x"},"url":"http://localhost:3000/projects/clejugioa0000y5hf41bejyt7x","userId":"cle4n7g4e00008as90nef1w9v"},"timestamp":"2023-02-25T11:13:34.714Z"}
{"level":"info","message":{"context":{},"method":"GET","params":{"id":"clejugioa0000y5hf41bejyt7x"},"url":"http://localhost:3000/projects/clejugioa0000y5hf41bejyt7x","userId":"cle4n7g4e00008as90nef1w9v"},"timestamp":"2023-02-25T11:14:12.169Z"}
{"level":"info","message":{"context":{},"method":"GET","params":{"id":"clejugioa0000y5hf41bejyt7"},"url":"http://localhost:3000/projects/clejugioa0000y5hf41bejyt7","userId":"cle4n7g4e00008as90nef1w9v"},"timestamp":"2023-02-25T11:14:15.505Z"}
{"level":"info","message":{"context":{},"method":"GET","params":{"id":"clejugioa0000y5hnew"},"url":"http://localhost:3000/projects/clejugioa0000y5hnew","userId":"cle4n7g4e00008as90nef1w9v"},"timestamp":"2023-02-25T11:14:16.168Z"}
{"level":"info","message":{"context":{},"method":"GET","params":{"id":"clejugioa0000y5hnew"},"url":"http://localhost:3000/projects/clejugioa0000y5hnew","userId":"cle4n7g4e00008as90nef1w9v"},"timestamp":"2023-02-25T11:14:17.674Z"}
{"level":"info","message":{"context":{},"method":"GET","params":{"id":"clejugioa0000y5hf41bejyt7"},"url":"http://localhost:3000/projects/clejugioa0000y5hf41bejyt7","userId":"cle4n7g4e00008as90nef1w9v"},"timestamp":"2023-02-25T11:14:18.231Z"}
{"level":"info","message":{"context":{},"method":"GET","params":{"id":"c"},"url":"http://localhost:3000/projects/c","userId":"cle4n7g4e00008as90nef1w9v"},"timestamp":"2023-02-25T11:14:19.595Z"}
{"level":"info","message":{"context":{},"method":"GET","params":{},"url":"http://localhost:3000/projects/","userId":"cle4n7g4e00008as90nef1w9v"},"timestamp":"2023-02-25T11:14:19.770Z"}
{"level":"info","message":{"context":{},"method":"GET","params":{},"url":"http://localhost:3000/projects/","userId":"cle4n7g4e00008as90nef1w9v"},"timestamp":"2023-02-25T12:13:05.349Z"}
{"level":"info","message":{"context":{},"method":"GET","params":{"id":"clejxb4xo0000y5ao6nxzj25o"},"url":"http://localhost:3000/projects/clejxb4xo0000y5ao6nxzj25o","userId":"cle4n7g4e00008as90nef1w9v"},"timestamp":"2023-02-25T12:13:23.029Z"}
{"level":"info","message":{"context":{},"method":"GET","params":{"id":"clejugioa0000y5hf41bejyt7"},"url":"http://localhost:3000/projects/clejugioa0000y5hf41bejyt7","userId":"cle4n7g4e00008as90nef1w9v"},"timestamp":"2023-02-25T12:14:27.124Z"}
{"level":"info","message":{"context":{},"method":"GET","params":{"id":"clejugioa0000y5hf41bejyt7"},"url":"http://localhost:3000/projects/clejugioa0000y5hf41bejyt7","userId":"cle4n7g4e00008as90nef1w9v"},"timestamp":"2023-02-25T12:14:34.909Z"}
{"level":"info","message":{"context":{},"method":"GET","params":{"id":"clejugioa0000y5hf41bejyt7"},"url":"http://localhost:3000/projects/clejugioa0000y5hf41bejyt7","userId":"cle4n7g4e00008as90nef1w9v"},"timestamp":"2023-02-25T12:14:39.597Z"}
{"level":"info","message":{"context":{},"method":"GET","params":{},"url":"http://localhost:3000/dashboard","userId":"cle4n7g4e00008as90nef1w9v"},"timestamp":"2023-02-25T12:15:23.379Z"}
{"level":"info","message":{"context":{},"method":"GET","params":{},"url":"http://localhost:3000/dashboard","userId":"cle4n7g4e00008as90nef1w9v"},"timestamp":"2023-02-25T12:15:41.223Z"}
{"level":"info","message":{"context":{},"method":"GET","params":{"id":"clejugioa0000y5hf41bejyt7"},"url":"http://localhost:3000/projects/clejugioa0000y5hf41bejyt7","userId":"cle4n7g4e00008as90nef1w9v"},"timestamp":"2023-02-25T12:17:24.423Z"}
{"level":"info","message":{"context":{},"method":"GET","params":{"id":"clejugioa0000y5hf41bejyt7"},"url":"http://localhost:3000/projects/clejugioa0000y5hf41bejyt7","userId":"cle4n7g4e00008as90nef1w9v"},"timestamp":"2023-02-25T12:23:24.058Z"}
{"level":"info","message":{"context":{},"method":"GET","params":{"id":"clejugioa0000y5hf41bejyt7"},"url":"http://localhost:3000/projects/clejugioa0000y5hf41bejyt7","userId":"cle4n7g4e00008as90nef1w9v"},"timestamp":"2023-02-25T12:25:43.503Z"}
{"level":"info","message":{"context":{},"method":"GET","params":{"id":"clejugioa0000y5hf41bejyt7"},"url":"http://localhost:3000/projects/clejugioa0000y5hf41bejyt7","userId":"cle4n7g4e00008as90nef1w9v"},"timestamp":"2023-02-25T12:25:45.364Z"}
{"level":"info","message":{"context":{},"method":"GET","params":{"id":"clejugioa0000y5hf41bejyt7"},"url":"http://localhost:3000/projects/clejugioa0000y5hf41bejyt7","userId":"cle4n7g4e00008as90nef1w9v"},"timestamp":"2023-02-25T12:25:50.824Z"}
{"level":"info","message":{"context":{},"method":"GET","params":{"id":"clejugioa0000y5hf41bejyt7"},"url":"http://localhost:3000/projects/clejugioa0000y5hf41bejyt7","userId":"cle4n7g4e00008as90nef1w9v"},"timestamp":"2023-02-25T12:25:51.385Z"}
{"level":"info","message":{"context":{},"method":"GET","params":{"id":"clejugioa0000y5hf41bejyt7"},"url":"http://localhost:3000/projects/clejugioa0000y5hf41bejyt7","userId":"cle4n7g4e00008as90nef1w9v"},"timestamp":"2023-02-25T12:25:57.375Z"}
{"level":"info","message":{"context":{},"method":"GET","params":{"id":"clejugioa0000y5hf41bejyt7"},"url":"http://localhost:3000/projects/clejugioa0000y5hf41bejyt7","userId":"cle4n7g4e00008as90nef1w9v"},"timestamp":"2023-02-25T12:25:59.224Z"}
{"level":"info","message":{"context":{},"method":"GET","params":{"id":"clejugioa0000y5hf41bejyt7"},"url":"http://localhost:3000/projects/clejugioa0000y5hf41bejyt7","userId":"cle4n7g4e00008as90nef1w9v"},"timestamp":"2023-02-25T12:26:07.388Z"}
{"level":"info","message":{"context":{},"method":"GET","params":{"id":"clejugioa0000y5hf41bejyt7"},"url":"http://localhost:3000/projects/clejugioa0000y5hf41bejyt7","userId":"cle4n7g4e00008as90nef1w9v"},"timestamp":"2023-02-25T12:26:08.383Z"}
{"level":"info","message":{"context":{},"method":"GET","params":{"id":"clejugioa0000y5hf41bejyt7"},"url":"http://localhost:3000/projects/clejugioa0000y5hf41bejyt7","userId":"cle4n7g4e00008as90nef1w9v"},"timestamp":"2023-02-25T12:26:12.574Z"}
{"level":"info","message":{"context":{},"method":"GET","params":{"id":"clejugioa0000y5hf41bejyt7"},"url":"http://localhost:3000/projects/clejugioa0000y5hf41bejyt7","userId":"cle4n7g4e00008as90nef1w9v"},"timestamp":"2023-02-25T12:26:25.765Z"}
{"level":"info","message":{"context":{},"method":"GET","params":{},"url":"http://localhost:3000/"},"timestamp":"2023-02-25T12:26:32.690Z"}
{"level":"info","message":{"context":{},"method":"GET","params":{},"url":"http://localhost:3000/login"},"timestamp":"2023-02-25T12:26:36.806Z"}
{"level":"info","message":{"context":{},"method":"GET","params":{},"url":"http://localhost:3000/login"},"timestamp":"2023-02-25T12:26:41.118Z"}
{"level":"info","message":{"context":{},"method":"GET","params":{},"url":"http://localhost:3000/","userId":"cle4n7g4i00058as9ipe7vwuq"},"timestamp":"2023-02-25T12:26:43.281Z"}
{"level":"info","message":{"context":{},"method":"GET","params":{"id":"clejugioa0000y5hf41bejyt7"},"url":"http://localhost:3000/projects/clejugioa0000y5hf41bejyt7","userId":"cle4n7g4i00058as9ipe7vwuq"},"timestamp":"2023-02-25T12:26:49.972Z"}
{"level":"info","message":{"context":{},"method":"GET","params":{"id":"clejugioa0000y5hf41bejyt7"},"url":"http://localhost:3000/projects/clejugioa0000y5hf41bejyt7","userId":"cle4n7g4i00058as9ipe7vwuq"},"timestamp":"2023-02-25T12:26:56.598Z"}
{"level":"info","message":{"context":{},"method":"GET","params":{"id":"clejugioa0000y5hf41bejyt7"},"url":"http://localhost:3000/projects/clejugioa0000y5hf41bejyt7","userId":"cle4n7g4i00058as9ipe7vwuq"},"timestamp":"2023-02-25T12:27:43.070Z"}
{"level":"info","message":{"context":{},"method":"GET","params":{"id":"clejugioa0000y5hf41bejyt7"},"url":"http://localhost:3000/projects/clejugioa0000y5hf41bejyt7/edit","userId":"cle4n7g4i00058as9ipe7vwuq"},"timestamp":"2023-02-25T12:27:47.472Z"}
{"level":"info","message":{"context":{},"method":"GET","params":{"id":"clejugioa0000y5hf41bejyt7"},"url":"http://localhost:3000/projects/clejugioa0000y5hf41bejyt7/edit","userId":"cle4n7g4i00058as9ipe7vwuq"},"timestamp":"2023-02-25T12:27:51.313Z"}
{"level":"info","message":{"context":{},"method":"GET","params":{"id":"clejugioa0000y5hf41bejyt7"},"url":"http://localhost:3000/projects/clejugioa0000y5hf41bejyt7","userId":"cle4n7g4i00058as9ipe7vwuq"},"timestamp":"2023-02-25T12:27:52.155Z"}
{"level":"info","message":{"context":{},"method":"GET","params":{},"url":"http://localhost:3000/"},"timestamp":"2023-02-25T12:27:55.429Z"}
{"level":"info","message":{"context":{},"method":"GET","params":{},"url":"http://localhost:3000/","userId":"cle4n7g4e00008as90nef1w9v"},"timestamp":"2023-02-25T12:27:59.639Z"}
{"level":"info","message":{"context":{},"method":"GET","params":{"id":"clejugioa0000y5hf41bejyt7"},"url":"http://localhost:3000/projects/clejugioa0000y5hf41bejyt7","userId":"cle4n7g4e00008as90nef1w9v"},"timestamp":"2023-02-25T12:29:38.358Z"}
{"level":"info","message":{"context":{},"method":"GET","params":{"id":"clejugioa0000y5hf41bejyt7"},"url":"http://localhost:3000/projects/clejugioa0000y5hf41bejyt7","userId":"cle4n7g4e00008as90nef1w9v"},"timestamp":"2023-02-25T12:30:29.606Z"}
{"level":"info","message":{"context":{},"method":"GET","params":{"id":"clejugioa0000y5hf41bejyt7"},"url":"http://localhost:3000/projects/clejugioa0000y5hf41bejyt7","userId":"cle4n7g4e00008as90nef1w9v"},"timestamp":"2023-02-25T12:31:26.032Z"}
{"level":"info","message":{"context":{},"method":"GET","params":{"id":"clejugioa0000y5hf41bejyt7"},"url":"http://localhost:3000/projects/clejugioa0000y5hf41bejyt7","userId":"cle4n7g4e00008as90nef1w9v"},"timestamp":"2023-02-25T12:32:02.537Z"}
{"level":"info","message":{"context":{},"method":"GET","params":{"id":"clejugioa0000y5hf41bejyt7"},"url":"http://localhost:3000/projects/clejugioa0000y5hf41bejyt7/edit","userId":"cle4n7g4e00008as90nef1w9v"},"timestamp":"2023-02-25T12:32:39.666Z"}
{"level":"info","message":{"context":{},"method":"GET","params":{"id":"clejugioa0000y5hf41bejyt7"},"url":"http://localhost:3000/projects/clejugioa0000y5hf41bejyt7/edit","userId":"cle4n7g4e00008as90nef1w9v"},"timestamp":"2023-02-25T12:33:03.469Z"}
{"level":"info","message":{"context":{},"method":"GET","params":{"id":"clejugioa0000y5hf41bejyt7"},"url":"http://localhost:3000/projects/clejugioa0000y5hf41bejyt7/edit","userId":"cle4n7g4e00008as90nef1w9v"},"timestamp":"2023-02-25T12:33:49.454Z"}
{"level":"info","message":{"context":{},"method":"GET","params":{"id":"clejugioa0000y5hf41bejyt7"},"url":"http://localhost:3000/projects/clejugioa0000y5hf41bejyt7/edit","userId":"cle4n7g4e00008as90nef1w9v"},"timestamp":"2023-02-25T12:34:33.699Z"}
{"level":"info","message":{"context":{},"method":"GET","params":{"id":"clejugioa0000y5hf41bejyt7"},"url":"http://localhost:3000/projects/clejugioa0000y5hf41bejyt7/edit","userId":"cle4n7g4e00008as90nef1w9v"},"timestamp":"2023-02-25T12:34:49.995Z"}
{"level":"info","message":{"context":{},"method":"GET","params":{"id":"clejugioa0000y5hf41bejyt7"},"url":"http://localhost:3000/projects/clejugioa0000y5hf41bejyt7/edit","userId":"cle4n7g4e00008as90nef1w9v"},"timestamp":"2023-02-25T12:35:08.268Z"}
{"level":"info","message":{"context":{},"method":"GET","params":{"id":"clejugioa0000y5hf41bejyt7"},"url":"http://localhost:3000/projects/clejugioa0000y5hf41bejyt7/edit","userId":"cle4n7g4e00008as90nef1w9v"},"timestamp":"2023-02-25T12:36:02.726Z"}
{"level":"info","message":{"context":{},"method":"GET","params":{"id":"clejugioa0000y5hf41bejyt7"},"url":"http://localhost:3000/projects/clejugioa0000y5hf41bejyt7/edit","userId":"cle4n7g4e00008as90nef1w9v"},"timestamp":"2023-02-25T12:36:22.468Z"}
{"level":"info","message":{"context":{},"method":"GET","params":{"id":"clejugioa0000y5hf41bejyt7"},"url":"http://localhost:3000/projects/clejugioa0000y5hf41bejyt7/edit","userId":"cle4n7g4e00008as90nef1w9v"},"timestamp":"2023-02-25T12:36:22.602Z"}
{"level":"info","message":{"context":{},"method":"GET","params":{"id":"clejugioa0000y5hf41bejyt7"},"url":"http://localhost:3000/projects/clejugioa0000y5hf41bejyt7/edit","userId":"cle4n7g4e00008as90nef1w9v"},"timestamp":"2023-02-25T12:36:30.344Z"}
{"level":"info","message":{"context":{},"method":"GET","params":{"id":"clejugioa0000y5hf41bejyt7"},"url":"http://localhost:3000/projects/clejugioa0000y5hf41bejyt7/edit","userId":"cle4n7g4e00008as90nef1w9v"},"timestamp":"2023-02-25T12:36:46.470Z"}
{"level":"info","message":{"context":{},"method":"GET","params":{"id":"clejugioa0000y5hf41bejyt7"},"url":"http://localhost:3000/projects/clejugioa0000y5hf41bejyt7/edit","userId":"cle4n7g4e00008as90nef1w9v"},"timestamp":"2023-02-25T12:37:31.194Z"}
{"level":"info","message":{"context":{},"method":"GET","params":{"id":"clejugioa0000y5hf41bejyt7"},"url":"http://localhost:3000/projects/clejugioa0000y5hf41bejyt7/edit","userId":"cle4n7g4e00008as90nef1w9v"},"timestamp":"2023-02-25T12:37:56.865Z"}
{"level":"info","message":{"context":{},"method":"GET","params":{"id":"clejugioa0000y5hf41bejyt7"},"url":"http://localhost:3000/projects/clejugioa0000y5hf41bejyt7/edit","userId":"cle4n7g4e00008as90nef1w9v"},"timestamp":"2023-02-25T12:38:06.087Z"}
{"level":"info","message":{"context":{},"method":"GET","params":{"id":"clejugioa0000y5hf41bejyt7"},"url":"http://localhost:3000/projects/clejugioa0000y5hf41bejyt7/edit","userId":"cle4n7g4e00008as90nef1w9v"},"timestamp":"2023-02-25T12:41:30.500Z"}
{"level":"info","message":{"context":{},"method":"GET","params":{"id":"clejugioa0000y5hf41bejyt7"},"url":"http://localhost:3000/projects/clejugioa0000y5hf41bejyt7/edit","userId":"cle4n7g4e00008as90nef1w9v"},"timestamp":"2023-02-25T12:42:36.189Z"}
{"level":"info","message":{"context":{},"method":"GET","params":{"id":"clejugioa0000y5hf41bejyt7"},"url":"http://localhost:3000/projects/clejugioa0000y5hf41bejyt7/edit","userId":"cle4n7g4e00008as90nef1w9v"},"timestamp":"2023-02-25T12:43:32.509Z"}
{"level":"info","message":{"context":{},"method":"GET","params":{},"url":"http://localhost:3000/projects/new","userId":"cle4n7g4e00008as90nef1w9v"},"timestamp":"2023-02-25T12:43:57.495Z"}
{"level":"info","message":{"context":{},"method":"GET","params":{},"url":"http://localhost:3000/projects/new","userId":"cle4n7g4e00008as90nef1w9v"},"timestamp":"2023-02-25T12:44:21.820Z"}
{"level":"info","message":{"context":{},"method":"GET","params":{},"url":"http://localhost:3000/projects/new","userId":"cle4n7g4e00008as90nef1w9v"},"timestamp":"2023-02-25T12:44:29.153Z"}
{"level":"info","message":{"context":{},"method":"GET","params":{"id":"clejyfx9q0000y50vp6bsv8oj"},"url":"http://localhost:3000/projects/clejyfx9q0000y50vp6bsv8oj","userId":"cle4n7g4e00008as90nef1w9v"},"timestamp":"2023-02-25T12:45:06.001Z"}
{"level":"info","message":{"context":{},"method":"GET","params":{"id":"clejugioa0000y5hf41bejyt7"},"url":"http://localhost:3000/projects/clejugioa0000y5hf41bejyt7/edit","userId":"cle4n7g4e00008as90nef1w9v"},"timestamp":"2023-02-25T12:45:27.779Z"}
{"level":"info","message":{"context":{},"method":"GET","params":{"id":"clejugioa0000y5hf41bejyt7"},"url":"http://localhost:3000/projects/clejugioa0000y5hf41bejyt7/edit","userId":"cle4n7g4e00008as90nef1w9v"},"timestamp":"2023-02-25T12:47:04.973Z"}
{"level":"info","message":{"context":{},"method":"GET","params":{"id":"clejugioa0000y5hf41bejyt7"},"url":"http://localhost:3000/projects/clejugioa0000y5hf41bejyt7/edit","userId":"cle4n7g4e00008as90nef1w9v"},"timestamp":"2023-02-25T12:47:09.020Z"}
{"level":"info","message":{"context":{},"method":"GET","params":{"id":"clejugioa0000y5hf41bejyt7"},"url":"http://localhost:3000/projects/clejugioa0000y5hf41bejyt7/edit","userId":"cle4n7g4e00008as90nef1w9v"},"timestamp":"2023-02-25T12:47:48.292Z"}
{"level":"info","message":{"context":{},"method":"GET","params":{"id":"clejugioa0000y5hf41bejyt7"},"url":"http://localhost:3000/projects/clejugioa0000y5hf41bejyt7/edit","userId":"cle4n7g4e00008as90nef1w9v"},"timestamp":"2023-02-25T12:48:00.620Z"}
{"level":"info","message":{"context":{},"method":"GET","params":{"id":"clejugioa0000y5hf41bejyt7"},"url":"http://localhost:3000/projects/clejugioa0000y5hf41bejyt7/edit","userId":"cle4n7g4e00008as90nef1w9v"},"timestamp":"2023-02-25T12:48:04.527Z"}
{"level":"info","message":{"context":{},"method":"GET","params":{"id":"clejugioa0000y5hf41bejyt7"},"url":"http://localhost:3000/projects/clejugioa0000y5hf41bejyt7/edit","userId":"cle4n7g4e00008as90nef1w9v"},"timestamp":"2023-02-25T12:48:28.487Z"}
{"level":"info","message":{"context":{},"method":"GET","params":{"id":"clejugioa0000y5hf41bejyt7"},"url":"http://localhost:3000/projects/clejugioa0000y5hf41bejyt7","userId":"cle4n7g4e00008as90nef1w9v"},"timestamp":"2023-02-25T12:48:31.693Z"}
{"level":"info","message":{"context":{},"method":"GET","params":{"id":"clejugioa0000y5hf41bejyt7"},"url":"http://localhost:3000/projects/clejugioa0000y5hf41bejyt7","userId":"cle4n7g4e00008as90nef1w9v"},"timestamp":"2023-02-25T12:50:52.984Z"}
{"level":"info","message":{"context":{},"method":"GET","params":{"id":"clejugioa0000y5hf41bejyt7"},"url":"http://localhost:3000/projects/clejugioa0000y5hf41bejyt7/edit","userId":"cle4n7g4e00008as90nef1w9v"},"timestamp":"2023-02-25T12:51:19.011Z"}
{"level":"info","message":{"context":{},"method":"GET","params":{"id":"clejugioa0000y5hf41bejyt7"},"url":"http://localhost:3000/projects/clejugioa0000y5hf41bejyt7/edit","userId":"cle4n7g4e00008as90nef1w9v"},"timestamp":"2023-02-25T12:52:09.648Z"}
{"level":"info","message":{"context":{},"method":"GET","params":{"id":"clejugioa0000y5hf41bejyt7"},"url":"http://localhost:3000/projects/clejugioa0000y5hf41bejyt7/edit","userId":"cle4n7g4e00008as90nef1w9v"},"timestamp":"2023-02-25T12:52:28.702Z"}
{"level":"info","message":{"context":{},"method":"GET","params":{"id":"clejugioa0000y5hf41bejyt7"},"url":"http://localhost:3000/projects/clejugioa0000y5hf41bejyt7","userId":"cle4n7g4e00008as90nef1w9v"},"timestamp":"2023-02-25T12:52:42.255Z"}
{"level":"info","message":{"context":{},"method":"GET","params":{"id":"clejugioa0000y5hf41bejyt7"},"url":"http://localhost:3000/projects/clejugioa0000y5hf41bejyt7","userId":"cle4n7g4e00008as90nef1w9v"},"timestamp":"2023-02-25T12:54:43.215Z"}
{"level":"info","message":{"context":{},"method":"GET","params":{"id":"clejugioa0000y5hf41bejyt7"},"url":"http://localhost:3000/projects/clejugioa0000y5hf41bejyt7","userId":"cle4n7g4e00008as90nef1w9v"},"timestamp":"2023-02-25T12:54:49.819Z"}
{"level":"info","message":{"context":{},"method":"GET","params":{"id":"clejugioa0000y5hf41bejyt7"},"url":"http://localhost:3000/projects/clejugioa0000y5hf41bejyt7/edit","userId":"cle4n7g4e00008as90nef1w9v"},"timestamp":"2023-02-25T12:55:10.554Z"}
{"level":"info","message":{"context":{},"method":"GET","params":{"id":"clejugioa0000y5hf41bejyt7"},"url":"http://localhost:3000/projects/clejugioa0000y5hf41bejyt7","userId":"cle4n7g4e00008as90nef1w9v"},"timestamp":"2023-02-25T12:57:18.813Z"}
{"level":"info","message":{"context":{},"method":"GET","params":{"id":"clejugioa0000y5hf41bejyt7"},"url":"http://localhost:3000/projects/clejugioa0000y5hf41bejyt7","userId":"cle4n7g4e00008as90nef1w9v"},"timestamp":"2023-02-25T12:57:22.085Z"}
{"level":"info","message":{"context":{},"method":"GET","params":{"id":"clejugioa0000y5hf41bejyt7"},"url":"http://localhost:3000/projects/clejugioa0000y5hf41bejyt7","userId":"cle4n7g4e00008as90nef1w9v"},"timestamp":"2023-02-25T12:58:02.618Z"}
{"level":"info","message":{"context":{},"method":"GET","params":{"id":"clejugioa0000y5hf41bejyt7"},"url":"http://localhost:3000/projects/clejugioa0000y5hf41bejyt7","userId":"cle4n7g4e00008as90nef1w9v"},"timestamp":"2023-02-25T12:58:07.669Z"}
{"level":"info","message":{"context":{},"method":"GET","params":{"id":"clejugioa0000y5hf41bejyt7"},"url":"http://localhost:3000/projects/clejugioa0000y5hf41bejyt7","userId":"cle4n7g4e00008as90nef1w9v"},"timestamp":"2023-02-25T12:58:19.055Z"}
{"level":"info","message":{"context":{},"method":"GET","params":{"id":"clejugioa0000y5hf41bejyt7"},"url":"http://localhost:3000/projects/clejugioa0000y5hf41bejyt7","userId":"cle4n7g4e00008as90nef1w9v"},"timestamp":"2023-02-25T12:58:25.858Z"}
{"level":"info","message":{"context":{},"method":"GET","params":{"id":"clejugioa0000y5hf41bejyt7"},"url":"http://localhost:3000/projects/clejugioa0000y5hf41bejyt7","userId":"cle4n7g4e00008as90nef1w9v"},"timestamp":"2023-02-25T12:58:40.516Z"}
{"level":"info","message":{"context":{},"method":"GET","params":{"id":"clejugioa0000y5hf41bejyt7"},"url":"http://localhost:3000/projects/clejugioa0000y5hf41bejyt7","userId":"cle4n7g4e00008as90nef1w9v"},"timestamp":"2023-02-25T12:58:48.339Z"}
{"level":"info","message":{"context":{},"method":"GET","params":{},"url":"http://localhost:3000/projects","userId":"cle4n7g4e00008as90nef1w9v"},"timestamp":"2023-02-25T12:59:39.121Z"}
{"level":"info","message":{"context":{},"method":"GET","params":{},"url":"http://localhost:3000/projects","userId":"cle4n7g4e00008as90nef1w9v"},"timestamp":"2023-02-25T13:04:33.684Z"}
{"level":"info","message":{"context":{},"method":"GET","params":{},"url":"http://localhost:3000/projects","userId":"cle4n7g4e00008as90nef1w9v"},"timestamp":"2023-02-25T13:04:57.848Z"}
{"level":"info","message":{"context":{},"method":"GET","params":{"id":"clejugioa0000y5hf41bejyt7"},"url":"http://localhost:3000/projects/clejugioa0000y5hf41bejyt7/edit","userId":"cle4n7g4e00008as90nef1w9v"},"timestamp":"2023-02-25T13:05:13.772Z"}
{"level":"info","message":{"context":{},"method":"GET","params":{"id":"clejugioa0000y5hf41bejyt7"},"url":"http://localhost:3000/projects/clejugioa0000y5hf41bejyt7/edit","userId":"cle4n7g4e00008as90nef1w9v"},"timestamp":"2023-02-25T16:36:11.446Z"}
{"level":"info","message":{"context":{},"method":"GET","params":{"id":"clejugioa0000y5hf41bejyt7"},"url":"http://localhost:3000/projects/clejugioa0000y5hf41bejyt7/edit","userId":"cle4n7g4e00008as90nef1w9v"},"timestamp":"2023-02-25T16:38:04.089Z"}
{"level":"info","message":{"context":{},"method":"GET","params":{"id":"clejugioa0000y5hf41bejyt7"},"url":"http://localhost:3000/projects/clejugioa0000y5hf41bejyt7/edit","userId":"cle4n7g4e00008as90nef1w9v"},"timestamp":"2023-02-25T16:40:58.783Z"}
{"level":"info","message":{"context":{},"method":"GET","params":{"id":"clejugioa0000y5hf41bejyt7"},"url":"http://localhost:3000/projects/clejugioa0000y5hf41bejyt7/edit","userId":"cle4n7g4e00008as90nef1w9v"},"timestamp":"2023-02-25T16:41:38.072Z"}
{"level":"info","message":{"context":{},"method":"GET","params":{"id":"clejugioa0000y5hf41bejyt7"},"url":"http://localhost:3000/projects/clejugioa0000y5hf41bejyt7/edit","userId":"cle4n7g4e00008as90nef1w9v"},"timestamp":"2023-02-25T16:42:05.910Z"}
{"level":"info","message":{"context":{},"method":"GET","params":{"id":"clejugioa0000y5hf41bejyt7"},"url":"http://localhost:3000/projects/clejugioa0000y5hf41bejyt7/edit","userId":"cle4n7g4e00008as90nef1w9v"},"timestamp":"2023-02-25T16:42:38.930Z"}
{"level":"info","message":{"context":{},"method":"GET","params":{"id":"clejugioa0000y5hf41bejyt7"},"url":"http://localhost:3000/projects/clejugioa0000y5hf41bejyt7/edit","userId":"cle4n7g4e00008as90nef1w9v"},"timestamp":"2023-02-25T16:44:41.379Z"}
{"level":"info","message":{"context":{},"method":"GET","params":{"id":"clejugioa0000y5hf41bejyt7"},"url":"http://localhost:3000/projects/clejugioa0000y5hf41bejyt7/edit","userId":"cle4n7g4e00008as90nef1w9v"},"timestamp":"2023-02-25T16:44:57.990Z"}
{"level":"info","message":{"context":{},"method":"GET","params":{"id":"clejugioa0000y5hf41bejyt7"},"url":"http://localhost:3000/projects/clejugioa0000y5hf41bejyt7/edit","userId":"cle4n7g4e00008as90nef1w9v"},"timestamp":"2023-02-25T16:45:06.129Z"}
{"level":"info","message":{"context":{},"method":"GET","params":{"id":"clejugioa0000y5hf41bejyt7"},"url":"http://localhost:3000/projects/clejugioa0000y5hf41bejyt7/edit","userId":"cle4n7g4e00008as90nef1w9v"},"timestamp":"2023-02-25T16:46:39.141Z"}
{"level":"info","message":{"context":{},"method":"GET","params":{"id":"clejugioa0000y5hf41bejyt7"},"url":"http://localhost:3000/projects/clejugioa0000y5hf41bejyt7/edit","userId":"cle4n7g4e00008as90nef1w9v"},"timestamp":"2023-02-25T16:46:43.561Z"}
{"level":"info","message":{"context":{},"method":"GET","params":{"id":"clejugioa0000y5hf41bejyt7"},"url":"http://localhost:3000/projects/clejugioa0000y5hf41bejyt7/edit","userId":"cle4n7g4e00008as90nef1w9v"},"timestamp":"2023-02-25T16:46:55.662Z"}
{"level":"info","message":{"context":{},"method":"GET","params":{"id":"clejugioa0000y5hf41bejyt7"},"url":"http://localhost:3000/projects/clejugioa0000y5hf41bejyt7/edit","userId":"cle4n7g4e00008as90nef1w9v"},"timestamp":"2023-02-25T16:47:17.134Z"}
{"level":"info","message":{"context":{},"method":"GET","params":{"id":"clejxb4xo0000y5ao6nxzj25o"},"url":"http://localhost:3000/projects/clejxb4xo0000y5ao6nxzj25o","userId":"cle4n7g4e00008as90nef1w9v"},"timestamp":"2023-02-25T16:50:06.829Z"}
{"level":"info","message":{"context":{},"method":"GET","params":{"id":"clejxb4xo0000y5ao6nxzj25o"},"url":"http://localhost:3000/projects/clejxb4xo0000y5ao6nxzj25o","userId":"cle4n7g4e00008as90nef1w9v"},"timestamp":"2023-02-25T16:50:20.499Z"}
{"level":"info","message":{"context":{},"method":"GET","params":{"id":"clek77ykw00000fi8tf41snjj"},"url":"http://localhost:3000/projects/clek77ykw00000fi8tf41snjj","userId":"cle4n7g4e00008as90nef1w9v"},"timestamp":"2023-02-25T16:50:50.989Z"}
{"level":"info","message":{"context":{},"method":"GET","params":{"id":"clek77ykw00000fi8tf41snjj"},"url":"http://localhost:3000/projects/clek77ykw00000fi8tf41snjj/edit","userId":"cle4n7g4e00008as90nef1w9v"},"timestamp":"2023-02-25T16:54:29.599Z"}
{"level":"info","message":{"context":{},"method":"GET","params":{"id":"clek77ykw00000fi8tf41snjj"},"url":"http://localhost:3000/projects/clek77ykw00000fi8tf41snjj","userId":"cle4n7g4e00008as90nef1w9v"},"timestamp":"2023-02-25T16:54:37.953Z"}
{"level":"info","message":{"context":{},"method":"GET","params":{"id":"clek77ykw00000fi8tf41snjj"},"url":"http://localhost:3000/projects/clek77ykw00000fi8tf41snjj","userId":"cle4n7g4e00008as90nef1w9v"},"timestamp":"2023-02-25T16:54:58.875Z"}
{"level":"info","message":{"context":{},"method":"GET","params":{"id":"clek77ykw00000fi8tf41snjj"},"url":"http://localhost:3000/projects/clek77ykw00000fi8tf41snjj","userId":"cle4n7g4e00008as90nef1w9v"},"timestamp":"2023-02-25T16:55:35.793Z"}
{"level":"info","message":{"context":{},"method":"GET","params":{"id":"clek77ykw00000fi8tf41snjj"},"url":"http://localhost:3000/projects/clek77ykw00000fi8tf41snjj","userId":"cle4n7g4e00008as90nef1w9v"},"timestamp":"2023-02-25T16:55:37.639Z"}
{"level":"info","message":{"context":{},"method":"GET","params":{},"url":"http://localhost:3000/"},"timestamp":"2023-02-25T16:56:03.768Z"}
{"level":"info","message":{"context":{},"method":"GET","params":{"id":"clek77ykw00000fi8tf41snjj"},"url":"http://localhost:3000/projects/clek77ykw00000fi8tf41snjj/edit"},"timestamp":"2023-02-25T16:56:11.808Z"}
{"level":"info","message":{"context":{},"method":"GET","params":{},"url":"http://localhost:3000/login?redirectTo=%2Fprojects%2Fclek77ykw00000fi8tf41snjj%2Fedit"},"timestamp":"2023-02-25T16:56:11.822Z"}
{"level":"info","message":{"context":{},"method":"GET","params":{"id":"clek77ykw00000fi8tf41snjj"},"url":"http://localhost:3000/projects/clek77ykw00000fi8tf41snjj/edit","userId":"cle4n7g4i00058as9ipe7vwuq"},"timestamp":"2023-02-25T16:56:15.864Z"}
{"level":"info","message":{"context":{},"method":"GET","params":{"id":"clek77ykw00000fi8tf41snjj"},"url":"http://localhost:3000/projects/clek77ykw00000fi8tf41snjj","userId":"cle4n7g4i00058as9ipe7vwuq"},"timestamp":"2023-02-25T16:56:37.125Z"}
{"level":"info","message":{"context":{},"method":"GET","params":{},"url":"http://localhost:3000/projects","userId":"cle4n7g4i00058as9ipe7vwuq"},"timestamp":"2023-02-25T16:56:42.538Z"}
{"level":"info","message":{"context":{},"method":"GET","params":{},"url":"http://localhost:3000/projects","userId":"cle4n7g4i00058as9ipe7vwuq"},"timestamp":"2023-02-25T16:57:22.477Z"}
{"level":"info","message":{"context":{},"method":"GET","params":{},"url":"http://localhost:3000/projects","userId":"cle4n7g4i00058as9ipe7vwuq"},"timestamp":"2023-02-25T16:57:33.681Z"}
{"level":"info","message":{"context":{},"method":"GET","params":{"id":"clejyfx9q0000y50vp6bsv8oj"},"url":"http://localhost:3000/projects/clejyfx9q0000y50vp6bsv8oj/edit","userId":"cle4n7g4i00058as9ipe7vwuq"},"timestamp":"2023-02-25T16:57:42.334Z"}
{"level":"info","message":{"context":{},"method":"GET","params":{"id":"clejyfx9q0000y50vp6bsv8oj"},"url":"http://localhost:3000/projects/clejyfx9q0000y50vp6bsv8oj","userId":"cle4n7g4i00058as9ipe7vwuq"},"timestamp":"2023-02-25T16:57:49.390Z"}
{"level":"info","message":{"context":{},"method":"GET","params":{"id":"clejyfx9q0000y50vp6bsv8oj"},"url":"http://localhost:3000/projects/clejyfx9q0000y50vp6bsv8oj","userId":"cle4n7g4i00058as9ipe7vwuq"},"timestamp":"2023-02-25T16:58:45.204Z"}
{"level":"info","message":{"context":{},"method":"GET","params":{},"url":"http://localhost:3000/"},"timestamp":"2023-02-25T16:58:48.680Z"}
{"level":"info","message":{"context":{},"method":"GET","params":{"id":"clejyfx9q0000y50vp6bsv8oj"},"url":"http://localhost:3000/projects/clejyfx9q0000y50vp6bsv8oj/edit"},"timestamp":"2023-02-25T16:58:54.604Z"}
{"level":"info","message":{"context":{},"method":"GET","params":{},"url":"http://localhost:3000/login?redirectTo=%2Fprojects%2Fclejyfx9q0000y50vp6bsv8oj%2Fedit"},"timestamp":"2023-02-25T16:58:56.728Z"}
{"level":"info","message":{"context":{},"method":"GET","params":{"id":"clejyfx9q0000y50vp6bsv8oj"},"url":"http://localhost:3000/projects/clejyfx9q0000y50vp6bsv8oj/edit","userId":"cle4n7g4i00058as9ipe7vwuq"},"timestamp":"2023-02-25T16:59:03.078Z"}
{"level":"info","message":{"context":{},"method":"GET","params":{},"url":"http://localhost:3000/login","userId":"cle4n7g4i00058as9ipe7vwuq"},"timestamp":"2023-02-25T16:59:03.102Z"}
{"level":"info","message":{"context":{},"method":"GET","params":{},"url":"http://localhost:3000/","userId":"cle4n7g4i00058as9ipe7vwuq"},"timestamp":"2023-02-25T16:59:03.113Z"}
{"level":"info","message":{"context":{},"method":"GET","params":{},"url":"http://localhost:3000/","userId":"cle4n7g4i00058as9ipe7vwuq"},"timestamp":"2023-02-25T16:59:29.755Z"}
{"level":"info","message":{"context":{},"method":"GET","params":{},"url":"http://localhost:3000/"},"timestamp":"2023-02-25T16:59:32.246Z"}
{"level":"info","message":{"context":{},"method":"GET","params":{"id":"clejyfx9q0000y50vp6bsv8oj"},"url":"http://localhost:3000/projects/clejyfx9q0000y50vp6bsv8oj/edit"},"timestamp":"2023-02-25T16:59:37.448Z"}
{"level":"info","message":{"context":{},"method":"GET","params":{},"url":"http://localhost:3000/login?redirectTo=%2Fprojects%2Fclejyfx9q0000y50vp6bsv8oj%2Fedit"},"timestamp":"2023-02-25T16:59:37.472Z"}
{"level":"info","message":{"context":{},"method":"GET","params":{"id":"clejyfx9q0000y50vp6bsv8oj"},"url":"http://localhost:3000/projects/clejyfx9q0000y50vp6bsv8oj/edit","userId":"cle4n7g4i00058as9ipe7vwuq"},"timestamp":"2023-02-25T16:59:45.692Z"}
{"level":"info","message":{"context":{},"method":"GET","params":{},"url":"http://localhost:3000/login?redirectTo=%2Fprojects%2Fclejyfx9q0000y50vp6bsv8oj%2Fedit","userId":"cle4n7g4i00058as9ipe7vwuq"},"timestamp":"2023-02-25T16:59:49.648Z"}
{"level":"info","message":{"context":{},"method":"GET","params":{"id":"clejugioa0000y5hf41bejyt7"},"url":"http://localhost:3000/projects/clejugioa0000y5hf41bejyt7/edit","userId":"cle4n7g4i00058as9ipe7vwuq"},"timestamp":"2023-02-25T16:59:55.104Z"}
{"level":"info","message":{"context":{},"method":"GET","params":{"id":"clejugioa0000y5hf41bejyt7"},"url":"http://localhost:3000/projects/clejugioa0000y5hf41bejyt7/edit","userId":"cle4n7g4i00058as9ipe7vwuq"},"timestamp":"2023-02-25T16:59:58.505Z"}
{"level":"info","message":{"context":{},"method":"GET","params":{"id":"clejugioa0000y5hf41bejyt7"},"url":"http://localhost:3000/projects/clejugioa0000y5hf41bejyt7","userId":"cle4n7g4i00058as9ipe7vwuq"},"timestamp":"2023-02-25T17:00:01.014Z"}
{"level":"info","message":{"context":{},"method":"GET","params":{"id":"clejxb4xo0000y5ao6nxzj25o"},"url":"http://localhost:3000/projects/clejxb4xo0000y5ao6nxzj25o/edit","userId":"cle4n7g4i00058as9ipe7vwuq"},"timestamp":"2023-02-25T17:00:07.789Z"}
{"level":"info","message":{"context":{},"method":"GET","params":{},"url":"http://localhost:3000/"},"timestamp":"2023-02-25T17:00:10.784Z"}
{"level":"info","message":{"context":{},"method":"GET","params":{},"url":"http://localhost:3000/"},"timestamp":"2023-02-25T17:00:10.862Z"}
{"level":"info","message":{"context":{},"method":"GET","params":{"id":"clejxb4xo0000y5ao6nxzj25o"},"url":"http://localhost:3000/projects/clejxb4xo0000y5ao6nxzj25o/edit"},"timestamp":"2023-02-25T17:00:16.375Z"}
{"level":"info","message":{"context":{},"method":"GET","params":{},"url":"http://localhost:3000/login?redirectTo=%2Fprojects%2Fclejxb4xo0000y5ao6nxzj25o%2Fedit"},"timestamp":"2023-02-25T17:00:16.395Z"}
{"level":"info","message":{"context":{},"method":"GET","params":{"id":"clejxb4xo0000y5ao6nxzj25o"},"url":"http://localhost:3000/projects/clejxb4xo0000y5ao6nxzj25o/edit","userId":"cle4n7g4i00058as9ipe7vwuq"},"timestamp":"2023-02-25T17:00:22.469Z"}
{"level":"info","message":{"context":{},"method":"GET","params":{},"url":"http://localhost:3000/login?redirectTo=%2Fprojects%2Fclejxb4xo0000y5ao6nxzj25o%2Fedit","userId":"cle4n7g4i00058as9ipe7vwuq"},"timestamp":"2023-02-25T17:00:25.077Z"}
{"level":"info","message":{"context":{},"method":"GET","params":{"id":"clek7kr2000020fi8ehunhdzm"},"url":"http://localhost:3000/projects/clek7kr2000020fi8ehunhdzm","userId":"cle4n7g4i00058as9ipe7vwuq"},"timestamp":"2023-02-25T17:00:47.762Z"}
{"level":"info","message":{"context":{},"method":"GET","params":{"id":"clek7kr2000020fi8ehunhdzm"},"url":"http://localhost:3000/projects/clek7kr2000020fi8ehunhdzm/edit","userId":"cle4n7g4i00058as9ipe7vwuq"},"timestamp":"2023-02-25T17:02:02.624Z"}
{"level":"info","message":{"context":{},"method":"GET","params":{"id":"clek7kr2000020fi8ehunhdzm"},"url":"http://localhost:3000/projects/clek7kr2000020fi8ehunhdzm/edit","userId":"cle4n7g4i00058as9ipe7vwuq"},"timestamp":"2023-02-25T17:02:03.430Z"}
{"level":"info","message":{"context":{},"method":"GET","params":{},"url":"http://localhost:3000/","userId":"cle4n7g4i00058as9ipe7vwuq"},"timestamp":"2023-02-25T17:02:09.570Z"}
{"level":"info","message":{"context":{},"method":"GET","params":{},"url":"http://localhost:3000/"},"timestamp":"2023-02-25T17:02:11.362Z"}
{"level":"info","message":{"context":{},"method":"GET","params":{"id":"clek7kr2000020fi8ehunhdzm"},"url":"http://localhost:3000/projects/clek7kr2000020fi8ehunhdzm/edit"},"timestamp":"2023-02-25T17:02:19.201Z"}
{"level":"info","message":{"context":{},"method":"GET","params":{},"url":"http://localhost:3000/login?redirectTo=%2Fprojects%2Fclek7kr2000020fi8ehunhdzm%2Fedit"},"timestamp":"2023-02-25T17:02:19.221Z"}
{"level":"info","message":{"context":{},"method":"GET","params":{"id":"clek7kr2000020fi8ehunhdzm"},"url":"http://localhost:3000/projects/clek7kr2000020fi8ehunhdzm/edit","userId":"cle4n7g4e00008as90nef1w9v"},"timestamp":"2023-02-25T17:02:21.790Z"}
{"level":"info","message":{"context":{},"method":"GET","params":{"id":"clek7kr2000020fi8ehunhdzm"},"url":"http://localhost:3000/projects/clek7kr2000020fi8ehunhdzm/edit","userId":"cle4n7g4e00008as90nef1w9v"},"timestamp":"2023-02-25T17:02:23.553Z"}
{"level":"info","message":{"context":{},"method":"GET","params":{"id":"clek7kr2000020fi8ehunhdzm"},"url":"http://localhost:3000/projects/clek7kr2000020fi8ehunhdzm/edit","userId":"cle4n7g4e00008as90nef1w9v"},"timestamp":"2023-02-25T17:02:25.302Z"}
{"level":"info","message":{"context":{},"method":"GET","params":{"id":"clek7kr2000020fi8ehunhdzm"},"url":"http://localhost:3000/projects/clek7kr2000020fi8ehunhdzm/edit","userId":"cle4n7g4e00008as90nef1w9v"},"timestamp":"2023-02-25T17:03:06.658Z"}
{"level":"info","message":{"context":{},"method":"GET","params":{},"url":"http://localhost:3000/login?redirectTo=%2Fprojects%2Fclek7kr2000020fi8ehunhdzm%2Fedit","userId":"cle4n7g4e00008as90nef1w9v"},"timestamp":"2023-02-25T17:03:09.633Z"}
{"level":"info","message":{"context":{},"method":"GET","params":{"id":"clek7kr2000020fi8ehunhdzm"},"url":"http://localhost:3000/projects/clek7kr2000020fi8ehunhdzm","userId":"cle4n7g4e00008as90nef1w9v"},"timestamp":"2023-02-25T17:03:29.836Z"}
{"level":"info","message":{"context":{},"method":"GET","params":{},"url":"http://localhost:3000/"},"timestamp":"2023-02-25T17:03:34.873Z"}
{"level":"info","message":{"context":{},"method":"GET","params":{"id":"clek7kr2000020fi8ehunhdzm"},"url":"http://localhost:3000/projects/clek7kr2000020fi8ehunhdzm/edit"},"timestamp":"2023-02-25T17:03:40.373Z"}
{"level":"info","message":{"context":{},"method":"GET","params":{},"url":"http://localhost:3000/login?redirectTo=%2Fprojects%2Fclek7kr2000020fi8ehunhdzm%2Fedit"},"timestamp":"2023-02-25T17:03:40.399Z"}
{"level":"info","message":{"context":{},"method":"GET","params":{"id":"clek7kr2000020fi8ehunhdzm"},"url":"http://localhost:3000/projects/clek7kr2000020fi8ehunhdzm/edit","userId":"cle4n7g4i00058as9ipe7vwuq"},"timestamp":"2023-02-25T17:03:44.201Z"}
{"level":"info","message":{"context":{},"method":"GET","params":{"id":"clek7kr2000020fi8ehunhdzm"},"url":"http://localhost:3000/projects/clek7kr2000020fi8ehunhdzm/edit","userId":"cle4n7g4i00058as9ipe7vwuq"},"timestamp":"2023-02-25T17:03:51.143Z"}
{"level":"info","message":{"context":{},"method":"GET","params":{"id":"clek7kr2000020fi8ehunhdzm"},"url":"http://localhost:3000/projects/clek7kr2000020fi8ehunhdzm","userId":"cle4n7g4i00058as9ipe7vwuq"},"timestamp":"2023-02-25T17:04:08.853Z"}
{"level":"info","message":{"context":{},"method":"GET","params":{"id":"clek7kr2000020fi8ehunhdzm"},"url":"http://localhost:3000/projects/clek7kr2000020fi8ehunhdzm","userId":"cle4n7g4i00058as9ipe7vwuq"},"timestamp":"2023-02-25T17:04:19.122Z"}
{"level":"info","message":{"context":{},"method":"GET","params":{},"url":"http://localhost:3000/projects/new","userId":"cle4n7g4i00058as9ipe7vwuq"},"timestamp":"2023-02-25T17:05:01.838Z"}
{"level":"info","message":{"context":{},"method":"GET","params":{"id":"clek7qxxk00080fi8ozbt31qw"},"url":"http://localhost:3000/projects/clek7qxxk00080fi8ozbt31qw","userId":"cle4n7g4i00058as9ipe7vwuq"},"timestamp":"2023-02-25T17:05:36.619Z"}
{"level":"info","message":{"context":{},"method":"GET","params":{},"url":"http://localhost:3000/projects","userId":"cle4n7g4i00058as9ipe7vwuq"},"timestamp":"2023-02-25T17:05:42.829Z"}
{"level":"info","message":{"context":{},"method":"GET","params":{},"url":"http://localhost:3000/projects","userId":"cle4n7g4i00058as9ipe7vwuq"},"timestamp":"2023-02-25T17:09:20.689Z"}
{"level":"info","message":{"context":{},"method":"GET","params":{},"url":"http://localhost:3000/projects","userId":"cle4n7g4i00058as9ipe7vwuq"},"timestamp":"2023-02-25T17:09:23.354Z"}
{"level":"info","message":{"context":{},"method":"GET","params":{},"url":"http://localhost:3000/projects","userId":"cle4n7g4i00058as9ipe7vwuq"},"timestamp":"2023-02-25T17:09:38.364Z"}
{"level":"info","message":{"context":{},"method":"GET","params":{},"url":"http://localhost:3000/projects","userId":"cle4n7g4i00058as9ipe7vwuq"},"timestamp":"2023-02-25T17:09:41.876Z"}
{"level":"info","message":{"context":{},"method":"GET","params":{},"url":"http://localhost:3000/projects","userId":"cle4n7g4i00058as9ipe7vwuq"},"timestamp":"2023-02-25T17:09:44.540Z"}
{"level":"info","message":{"context":{},"method":"GET","params":{},"url":"http://localhost:3000/projects","userId":"cle4n7g4i00058as9ipe7vwuq"},"timestamp":"2023-02-25T17:10:16.100Z"}
{"level":"info","message":{"context":{},"method":"GET","params":{},"url":"http://localhost:3000/projects","userId":"cle4n7g4i00058as9ipe7vwuq"},"timestamp":"2023-02-25T17:10:23.687Z"}
{"level":"info","message":{"context":{},"method":"GET","params":{},"url":"http://localhost:3000/projects","userId":"cle4n7g4i00058as9ipe7vwuq"},"timestamp":"2023-02-25T17:10:35.963Z"}
{"level":"info","message":{"context":{},"method":"GET","params":{},"url":"http://localhost:3000/projects","userId":"cle4n7g4i00058as9ipe7vwuq"},"timestamp":"2023-02-25T17:11:49.381Z"}
{"level":"info","message":{"context":{},"method":"GET","params":{},"url":"http://localhost:3000/projects","userId":"cle4n7g4i00058as9ipe7vwuq"},"timestamp":"2023-02-25T17:12:02.455Z"}
{"level":"info","message":{"context":{},"method":"GET","params":{},"url":"http://localhost:3000/projects","userId":"cle4n7g4i00058as9ipe7vwuq"},"timestamp":"2023-02-25T17:12:33.291Z"}
{"level":"info","message":{"context":{},"method":"GET","params":{},"url":"http://localhost:3000/projects","userId":"cle4n7g4i00058as9ipe7vwuq"},"timestamp":"2023-02-25T17:12:33.479Z"}
{"level":"info","message":{"context":{},"method":"GET","params":{},"url":"http://localhost:3000/projects","userId":"cle4n7g4i00058as9ipe7vwuq"},"timestamp":"2023-02-25T17:12:45.132Z"}
{"level":"info","message":{"context":{},"method":"GET","params":{},"url":"http://localhost:3000/projects","userId":"cle4n7g4i00058as9ipe7vwuq"},"timestamp":"2023-02-25T17:13:03.746Z"}
{"level":"info","message":{"context":{},"method":"GET","params":{},"url":"http://localhost:3000/projects","userId":"cle4n7g4i00058as9ipe7vwuq"},"timestamp":"2023-02-25T17:13:06.375Z"}
{"level":"info","message":{"context":{},"method":"GET","params":{},"url":"http://localhost:3000/projects","userId":"cle4n7g4i00058as9ipe7vwuq"},"timestamp":"2023-02-25T17:13:25.454Z"}
{"level":"info","message":{"context":{},"method":"GET","params":{},"url":"http://localhost:3000/projects","userId":"cle4n7g4i00058as9ipe7vwuq"},"timestamp":"2023-02-25T17:13:41.825Z"}
{"level":"info","message":{"context":{},"method":"GET","params":{},"url":"http://localhost:3000/projects","userId":"cle4n7g4i00058as9ipe7vwuq"},"timestamp":"2023-02-25T17:14:00.937Z"}
{"level":"info","message":{"context":{},"method":"GET","params":{},"url":"http://localhost:3000/projects","userId":"cle4n7g4i00058as9ipe7vwuq"},"timestamp":"2023-02-25T17:14:03.967Z"}
{"level":"info","message":{"context":{},"method":"GET","params":{},"url":"http://localhost:3000/projects","userId":"cle4n7g4i00058as9ipe7vwuq"},"timestamp":"2023-02-25T17:14:16.516Z"}
{"level":"info","message":{"context":{},"method":"GET","params":{},"url":"http://localhost:3000/projects","userId":"cle4n7g4i00058as9ipe7vwuq"},"timestamp":"2023-02-25T17:15:04.652Z"}
{"level":"info","message":{"context":{},"method":"GET","params":{},"url":"http://localhost:3000/projects","userId":"cle4n7g4i00058as9ipe7vwuq"},"timestamp":"2023-02-25T17:15:04.762Z"}
{"level":"info","message":{"context":{},"method":"GET","params":{},"url":"http://localhost:3000/projects","userId":"cle4n7g4i00058as9ipe7vwuq"},"timestamp":"2023-02-25T17:16:52.112Z"}
{"level":"info","message":{"context":{},"method":"GET","params":{},"url":"http://localhost:3000/projects","userId":"cle4n7g4i00058as9ipe7vwuq"},"timestamp":"2023-02-25T17:17:08.492Z"}
{"level":"info","message":{"context":{},"method":"GET","params":{},"url":"http://localhost:3000/projects","userId":"cle4n7g4i00058as9ipe7vwuq"},"timestamp":"2023-02-25T17:17:13.635Z"}
{"level":"info","message":{"context":{},"method":"GET","params":{},"url":"http://localhost:3000/projects","userId":"cle4n7g4i00058as9ipe7vwuq"},"timestamp":"2023-02-25T17:17:18.050Z"}
{"level":"info","message":{"context":{},"method":"GET","params":{},"url":"http://localhost:3000/projects","userId":"cle4n7g4i00058as9ipe7vwuq"},"timestamp":"2023-02-25T17:17:30.173Z"}
{"level":"info","message":{"context":{},"method":"GET","params":{},"url":"http://localhost:3000/projects","userId":"cle4n7g4i00058as9ipe7vwuq"},"timestamp":"2023-02-25T17:17:45.649Z"}
{"level":"info","message":{"context":{},"method":"GET","params":{},"url":"http://localhost:3000/projects","userId":"cle4n7g4i00058as9ipe7vwuq"},"timestamp":"2023-02-25T17:17:45.825Z"}
{"level":"info","message":{"context":{},"method":"GET","params":{},"url":"http://localhost:3000/projects","userId":"cle4n7g4i00058as9ipe7vwuq"},"timestamp":"2023-02-25T17:17:54.629Z"}
{"level":"info","message":{"context":{},"method":"GET","params":{},"url":"http://localhost:3000/projects","userId":"cle4n7g4i00058as9ipe7vwuq"},"timestamp":"2023-02-25T17:23:27.340Z"}
{"level":"info","message":{"context":{},"method":"GET","params":{},"url":"http://localhost:3000/projects","userId":"cle4n7g4i00058as9ipe7vwuq"},"timestamp":"2023-02-25T17:23:41.446Z"}
{"level":"info","message":{"context":{},"method":"GET","params":{},"url":"http://localhost:3000/projects","userId":"cle4n7g4i00058as9ipe7vwuq"},"timestamp":"2023-02-25T17:23:51.322Z"}
{"level":"info","message":{"context":{},"method":"GET","params":{},"url":"http://localhost:3000/projects","userId":"cle4n7g4i00058as9ipe7vwuq"},"timestamp":"2023-02-25T17:24:44.583Z"}
{"level":"info","message":{"context":{},"method":"GET","params":{},"url":"http://localhost:3000/projects","userId":"cle4n7g4i00058as9ipe7vwuq"},"timestamp":"2023-02-25T17:24:45.909Z"}
{"level":"info","message":{"context":{},"method":"GET","params":{},"url":"http://localhost:3000/projects","userId":"cle4n7g4i00058as9ipe7vwuq"},"timestamp":"2023-02-25T17:25:22.468Z"}
{"level":"info","message":{"context":{},"method":"GET","params":{},"url":"http://localhost:3000/projects","userId":"cle4n7g4i00058as9ipe7vwuq"},"timestamp":"2023-02-25T17:25:22.631Z"}
{"level":"info","message":{"context":{},"method":"GET","params":{},"url":"http://localhost:3000/projects","userId":"cle4n7g4i00058as9ipe7vwuq"},"timestamp":"2023-02-25T17:25:40.651Z"}
{"level":"info","message":{"context":{},"method":"GET","params":{},"url":"http://localhost:3000/projects","userId":"cle4n7g4i00058as9ipe7vwuq"},"timestamp":"2023-02-25T17:25:40.754Z"}
{"level":"info","message":{"context":{},"method":"GET","params":{},"url":"http://localhost:3000/projects","userId":"cle4n7g4i00058as9ipe7vwuq"},"timestamp":"2023-02-25T17:25:59.810Z"}
{"level":"info","message":{"context":{},"method":"GET","params":{},"url":"http://localhost:3000/projects","userId":"cle4n7g4i00058as9ipe7vwuq"},"timestamp":"2023-02-25T17:26:16.810Z"}
{"level":"info","message":{"context":{},"method":"GET","params":{},"url":"http://localhost:3000/projects","userId":"cle4n7g4i00058as9ipe7vwuq"},"timestamp":"2023-02-25T17:26:16.881Z"}
{"level":"info","message":{"context":{},"method":"GET","params":{},"url":"http://localhost:3000/projects","userId":"cle4n7g4i00058as9ipe7vwuq"},"timestamp":"2023-02-25T17:27:26.129Z"}
{"level":"info","message":{"context":{},"method":"GET","params":{},"url":"http://localhost:3000/projects","userId":"cle4n7g4i00058as9ipe7vwuq"},"timestamp":"2023-02-25T17:27:41.137Z"}
{"level":"info","message":{"context":{},"method":"GET","params":{},"url":"http://localhost:3000/projects","userId":"cle4n7g4i00058as9ipe7vwuq"},"timestamp":"2023-02-25T17:28:08.732Z"}
{"level":"info","message":{"context":{},"method":"GET","params":{},"url":"http://localhost:3000/projects","userId":"cle4n7g4i00058as9ipe7vwuq"},"timestamp":"2023-02-25T17:28:28.763Z"}
{"level":"info","message":{"context":{},"method":"GET","params":{},"url":"http://localhost:3000/projects","userId":"cle4n7g4i00058as9ipe7vwuq"},"timestamp":"2023-02-25T17:28:33.934Z"}
{"level":"info","message":{"context":{},"method":"GET","params":{},"url":"http://localhost:3000/projects","userId":"cle4n7g4i00058as9ipe7vwuq"},"timestamp":"2023-02-25T17:28:34.045Z"}
{"level":"info","message":{"context":{},"method":"GET","params":{},"url":"http://localhost:3000/projects","userId":"cle4n7g4i00058as9ipe7vwuq"},"timestamp":"2023-02-25T17:28:49.957Z"}
{"level":"info","message":{"context":{},"method":"GET","params":{},"url":"http://localhost:3000/projects","userId":"cle4n7g4i00058as9ipe7vwuq"},"timestamp":"2023-02-25T17:29:12.495Z"}
{"level":"info","message":{"context":{},"method":"GET","params":{},"url":"http://localhost:3000/projects","userId":"cle4n7g4i00058as9ipe7vwuq"},"timestamp":"2023-02-25T17:29:14.916Z"}
{"level":"info","message":{"context":{},"method":"GET","params":{},"url":"http://localhost:3000/projects","userId":"cle4n7g4i00058as9ipe7vwuq"},"timestamp":"2023-02-25T17:29:23.550Z"}
{"level":"info","message":{"context":{},"method":"GET","params":{},"url":"http://localhost:3000/projects","userId":"cle4n7g4i00058as9ipe7vwuq"},"timestamp":"2023-02-25T17:29:35.144Z"}
{"level":"info","message":{"context":{},"method":"GET","params":{},"url":"http://localhost:3000/projects","userId":"cle4n7g4i00058as9ipe7vwuq"},"timestamp":"2023-02-26T03:58:13.282Z"}
{"level":"info","message":{"context":{},"method":"GET","params":{},"url":"http://localhost:3000/projects","userId":"cle4n7g4i00058as9ipe7vwuq"},"timestamp":"2023-02-26T03:58:38.583Z"}
{"level":"info","message":{"context":{},"method":"GET","params":{},"url":"http://localhost:3000/projects","userId":"cle4n7g4i00058as9ipe7vwuq"},"timestamp":"2023-02-26T03:58:50.923Z"}
{"level":"info","message":{"context":{},"method":"GET","params":{},"url":"http://localhost:3000/projects","userId":"cle4n7g4i00058as9ipe7vwuq"},"timestamp":"2023-02-26T03:58:54.501Z"}
{"level":"info","message":{"context":{},"method":"GET","params":{"id":"mine"},"url":"http://localhost:3000/projects/mine","userId":"cle4n7g4i00058as9ipe7vwuq"},"timestamp":"2023-02-26T03:58:58.110Z"}
{"level":"info","message":{"context":{},"method":"GET","params":{"id":"mine"},"url":"http://localhost:3000/projects/mine","userId":"cle4n7g4i00058as9ipe7vwuq"},"timestamp":"2023-02-26T03:59:21.424Z"}
{"level":"info","message":{"context":{},"method":"GET","params":{"id":"mine"},"url":"http://localhost:3000/projects/mine","userId":"cle4n7g4i00058as9ipe7vwuq"},"timestamp":"2023-02-26T03:59:30.421Z"}
{"level":"info","message":{"context":{},"method":"GET","params":{"id":"mine"},"url":"http://localhost:3000/projects/mine","userId":"cle4n7g4i00058as9ipe7vwuq"},"timestamp":"2023-02-26T03:59:50.890Z"}
{"level":"info","message":{"context":{},"method":"GET","params":{"id":"mine"},"url":"http://localhost:3000/projects/mine","userId":"cle4n7g4i00058as9ipe7vwuq"},"timestamp":"2023-02-26T03:59:52.078Z"}
{"level":"info","message":{"context":{},"method":"GET","params":{"id":"mine"},"url":"http://localhost:3000/projects/mine","userId":"cle4n7g4i00058as9ipe7vwuq"},"timestamp":"2023-02-26T04:00:10.979Z"}
{"level":"info","message":{"context":{},"method":"GET","params":{"id":"mine"},"url":"http://localhost:3000/projects/mine","userId":"cle4n7g4i00058as9ipe7vwuq"},"timestamp":"2023-02-26T04:00:19.714Z"}
{"level":"info","message":{"context":{},"method":"GET","params":{"id":"mine"},"url":"http://localhost:3000/projects/mine","userId":"cle4n7g4i00058as9ipe7vwuq"},"timestamp":"2023-02-26T04:00:26.987Z"}
{"level":"info","message":{"context":{},"method":"GET","params":{"id":"mine"},"url":"http://localhost:3000/projects/mine","userId":"cle4n7g4i00058as9ipe7vwuq"},"timestamp":"2023-02-26T04:00:36.132Z"}
{"level":"info","message":{"context":{},"method":"GET","params":{},"url":"http://localhost:3000/projects","userId":"cle4n7g4i00058as9ipe7vwuq"},"timestamp":"2023-02-26T04:00:53.585Z"}
{"level":"info","message":{"context":{},"method":"GET","params":{},"url":"http://localhost:3000/projects/new","userId":"cle4n7g4i00058as9ipe7vwuq"},"timestamp":"2023-02-26T04:02:19.909Z"}
{"level":"info","message":{"context":{},"method":"GET","params":{},"url":"http://localhost:3000/projects/new","userId":"cle4n7g4i00058as9ipe7vwuq"},"timestamp":"2023-02-26T04:02:56.248Z"}
{"level":"info","message":{"context":{},"method":"GET","params":{},"url":"http://localhost:3000/projects/new","userId":"cle4n7g4i00058as9ipe7vwuq"},"timestamp":"2023-02-26T04:03:01.426Z"}
{"level":"info","message":{"context":{},"method":"GET","params":{},"url":"http://localhost:3000/"},"timestamp":"2023-02-26T04:03:16.565Z"}
{"level":"info","message":{"context":{},"method":"GET","params":{},"url":"http://localhost:3000/","userId":"cle4n7g4e00008as90nef1w9v"},"timestamp":"2023-02-26T04:03:22.059Z"}
{"level":"info","message":{"context":{},"method":"GET","params":{},"url":"http://localhost:3000/projects/new","userId":"cle4n7g4e00008as90nef1w9v"},"timestamp":"2023-02-26T04:10:04.316Z"}
{"level":"info","message":{"context":{},"method":"GET","params":{},"url":"http://localhost:3000/projects/new","userId":"cle4n7g4e00008as90nef1w9v"},"timestamp":"2023-02-26T04:10:23.149Z"}
{"level":"info","message":{"context":{},"method":"GET","params":{},"url":"http://localhost:3000/projects/new","userId":"cle4n7g4e00008as90nef1w9v"},"timestamp":"2023-02-26T04:11:55.456Z"}
{"level":"info","message":{"context":{},"method":"GET","params":{},"url":"http://localhost:3000/projects/new","userId":"cle4n7g4e00008as90nef1w9v"},"timestamp":"2023-02-26T04:12:28.334Z"}
{"level":"info","message":{"context":{},"method":"GET","params":{},"url":"http://localhost:3000/projects/new","userId":"cle4n7g4e00008as90nef1w9v"},"timestamp":"2023-02-26T04:13:30.385Z"}
{"level":"info","message":{"context":{},"method":"GET","params":{},"url":"http://localhost:3000/projects/new","userId":"cle4n7g4e00008as90nef1w9v"},"timestamp":"2023-02-26T04:13:56.405Z"}
{"level":"info","message":{"context":{},"method":"GET","params":{},"url":"http://localhost:3000/projects/new","userId":"cle4n7g4e00008as90nef1w9v"},"timestamp":"2023-02-26T04:14:38.966Z"}
{"level":"info","message":{"context":{},"method":"GET","params":{},"url":"http://localhost:3000/projects/new","userId":"cle4n7g4e00008as90nef1w9v"},"timestamp":"2023-02-26T04:17:03.565Z"}
{"level":"info","message":{"context":{},"method":"GET","params":{},"url":"http://localhost:3000/projects/new","userId":"cle4n7g4e00008as90nef1w9v"},"timestamp":"2023-02-26T04:17:27.267Z"}
{"level":"info","message":{"context":{},"method":"GET","params":{},"url":"http://localhost:3000/projects/new","userId":"cle4n7g4e00008as90nef1w9v"},"timestamp":"2023-02-26T11:58:24.989Z"}
{"level":"info","message":{"context":{},"method":"GET","params":{},"url":"http://localhost:3000/projects/new","userId":"cle4n7g4e00008as90nef1w9v"},"timestamp":"2023-02-26T11:59:07.393Z"}
{"level":"info","message":{"context":{},"method":"GET","params":{},"url":"http://localhost:3000/projects/new","userId":"cle4n7g4e00008as90nef1w9v"},"timestamp":"2023-02-26T11:59:33.408Z"}
{"level":"info","message":{"context":{},"method":"GET","params":{},"url":"http://localhost:3000/projects/new","userId":"cle4n7g4e00008as90nef1w9v"},"timestamp":"2023-02-26T12:00:05.527Z"}
{"level":"info","message":{"context":{},"method":"GET","params":{},"url":"http://localhost:3000/projects/new","userId":"cle4n7g4e00008as90nef1w9v"},"timestamp":"2023-02-26T12:00:32.565Z"}
{"level":"info","message":{"context":{},"method":"GET","params":{},"url":"http://localhost:3000/projects/new","userId":"cle4n7g4e00008as90nef1w9v"},"timestamp":"2023-02-26T12:00:47.976Z"}
{"level":"info","message":{"context":{},"method":"GET","params":{},"url":"http://localhost:3000/projects/new","userId":"cle4n7g4e00008as90nef1w9v"},"timestamp":"2023-02-26T12:00:58.002Z"}
{"level":"info","message":{"context":{},"method":"GET","params":{},"url":"http://localhost:3000/projects/new","userId":"cle4n7g4e00008as90nef1w9v"},"timestamp":"2023-02-26T12:01:11.214Z"}
{"level":"info","message":{"context":{},"method":"GET","params":{},"url":"http://localhost:3000/projects/new","userId":"cle4n7g4e00008as90nef1w9v"},"timestamp":"2023-02-26T12:03:23.680Z"}
{"level":"info","message":{"context":{},"method":"GET","params":{},"url":"http://localhost:3000/projects/new","userId":"cle4n7g4e00008as90nef1w9v"},"timestamp":"2023-02-26T12:08:40.603Z"}
{"level":"info","message":{"context":{},"method":"GET","params":{},"url":"http://localhost:3000/projects/new","userId":"cle4n7g4e00008as90nef1w9v"},"timestamp":"2023-02-26T12:09:24.624Z"}
{"level":"info","message":{"context":{},"method":"GET","params":{},"url":"http://localhost:3000/projects/new","userId":"cle4n7g4e00008as90nef1w9v"},"timestamp":"2023-02-26T12:09:46.007Z"}
{"level":"info","message":{"context":{},"method":"GET","params":{},"url":"http://localhost:3000/projects/new","userId":"cle4n7g4e00008as90nef1w9v"},"timestamp":"2023-02-26T12:10:06.334Z"}
{"level":"info","message":{"context":{},"method":"GET","params":{},"url":"http://localhost:3000/projects/new","userId":"cle4n7g4e00008as90nef1w9v"},"timestamp":"2023-02-26T12:10:35.952Z"}
{"level":"info","message":{"context":{},"method":"GET","params":{},"url":"http://localhost:3000/projects/new","userId":"cle4n7g4e00008as90nef1w9v"},"timestamp":"2023-02-26T12:11:02.611Z"}
{"level":"info","message":{"context":{},"method":"GET","params":{},"url":"http://localhost:3000/projects/new","userId":"cle4n7g4e00008as90nef1w9v"},"timestamp":"2023-02-26T12:11:10.452Z"}
{"level":"info","message":{"context":{},"method":"GET","params":{},"url":"http://localhost:3000/projects/new","userId":"cle4n7g4e00008as90nef1w9v"},"timestamp":"2023-02-26T12:11:26.297Z"}
{"level":"info","message":{"context":{},"method":"GET","params":{},"url":"http://localhost:3000/projects/new","userId":"cle4n7g4e00008as90nef1w9v"},"timestamp":"2023-02-26T12:11:35.544Z"}
{"level":"info","message":{"context":{},"method":"GET","params":{},"url":"http://localhost:3000/projects/new","userId":"cle4n7g4e00008as90nef1w9v"},"timestamp":"2023-02-26T12:11:44.098Z"}
{"level":"info","message":{"context":{},"method":"GET","params":{},"url":"http://localhost:3000/projects/new","userId":"cle4n7g4e00008as90nef1w9v"},"timestamp":"2023-02-26T12:13:38.498Z"}
{"level":"info","message":{"context":{},"method":"GET","params":{},"url":"http://localhost:3000/projects/new","userId":"cle4n7g4e00008as90nef1w9v"},"timestamp":"2023-02-26T12:13:47.731Z"}
{"level":"info","message":{"context":{},"method":"GET","params":{},"url":"http://localhost:3000/projects/new","userId":"cle4n7g4e00008as90nef1w9v"},"timestamp":"2023-02-26T12:17:35.082Z"}
{"level":"info","message":{"context":{},"method":"GET","params":{},"url":"http://localhost:3000/projects/new","userId":"cle4n7g4e00008as90nef1w9v"},"timestamp":"2023-02-26T12:17:37.767Z"}
{"level":"info","message":{"context":{},"method":"GET","params":{},"url":"http://localhost:3000/projects/new","userId":"cle4n7g4e00008as90nef1w9v"},"timestamp":"2023-02-26T12:18:17.560Z"}
{"level":"info","message":{"context":{},"method":"GET","params":{},"url":"http://localhost:3000/projects/new","userId":"cle4n7g4e00008as90nef1w9v"},"timestamp":"2023-02-26T12:26:21.549Z"}
{"level":"info","message":{"context":{},"method":"GET","params":{},"url":"http://localhost:3000/projects/new","userId":"cle4n7g4e00008as90nef1w9v"},"timestamp":"2023-02-26T12:26:37.765Z"}
{"level":"info","message":{"context":{},"method":"GET","params":{},"url":"http://localhost:3000/projects/new","userId":"cle4n7g4e00008as90nef1w9v"},"timestamp":"2023-02-26T12:26:46.673Z"}
{"level":"info","message":{"context":{},"method":"GET","params":{},"url":"http://localhost:3000/projects/new","userId":"cle4n7g4e00008as90nef1w9v"},"timestamp":"2023-02-26T12:27:02.492Z"}
{"level":"info","message":{"context":{},"method":"GET","params":{},"url":"http://localhost:3000/projects/new","userId":"cle4n7g4e00008as90nef1w9v"},"timestamp":"2023-02-26T12:27:41.633Z"}
{"level":"info","message":{"context":{},"method":"GET","params":{},"url":"http://localhost:3000/projects/new","userId":"cle4n7g4e00008as90nef1w9v"},"timestamp":"2023-02-26T12:27:57.661Z"}
{"level":"info","message":{"context":{},"method":"GET","params":{},"url":"http://localhost:3000/projects/new","userId":"cle4n7g4e00008as90nef1w9v"},"timestamp":"2023-02-26T12:29:11.185Z"}
{"level":"info","message":{"context":{},"method":"GET","params":{},"url":"http://localhost:3000/projects/new","userId":"cle4n7g4e00008as90nef1w9v"},"timestamp":"2023-02-26T12:29:51.214Z"}
{"level":"info","message":{"context":{},"method":"GET","params":{},"url":"http://localhost:3000/projects/new","userId":"cle4n7g4e00008as90nef1w9v"},"timestamp":"2023-02-26T12:30:04.525Z"}
{"level":"info","message":{"context":{},"method":"GET","params":{},"url":"http://localhost:3000/projects/new","userId":"cle4n7g4e00008as90nef1w9v"},"timestamp":"2023-02-26T12:31:07.435Z"}
{"level":"info","message":{"context":{},"method":"GET","params":{},"url":"http://localhost:3000/projects/new","userId":"cle4n7g4e00008as90nef1w9v"},"timestamp":"2023-02-26T12:31:41.989Z"}
{"level":"info","message":{"context":{},"method":"GET","params":{},"url":"http://localhost:3000/projects/new","userId":"cle4n7g4e00008as90nef1w9v"},"timestamp":"2023-02-26T12:31:52.150Z"}
{"level":"info","message":{"context":{},"method":"GET","params":{},"url":"http://localhost:3000/projects/new","userId":"cle4n7g4e00008as90nef1w9v"},"timestamp":"2023-02-26T12:32:02.749Z"}
{"level":"info","message":{"context":{},"method":"GET","params":{},"url":"http://localhost:3000/projects/new","userId":"cle4n7g4e00008as90nef1w9v"},"timestamp":"2023-02-26T12:32:07.176Z"}
{"level":"info","message":{"context":{},"method":"GET","params":{},"url":"http://localhost:3000/projects/new","userId":"cle4n7g4e00008as90nef1w9v"},"timestamp":"2023-02-26T12:32:10.370Z"}
{"level":"info","message":{"context":{},"method":"GET","params":{},"url":"http://localhost:3000/projects/new","userId":"cle4n7g4e00008as90nef1w9v"},"timestamp":"2023-02-26T12:32:12.535Z"}
{"level":"info","message":{"context":{},"method":"GET","params":{},"url":"http://localhost:3000/projects/new","userId":"cle4n7g4e00008as90nef1w9v"},"timestamp":"2023-02-26T12:32:36.537Z"}
{"level":"info","message":{"context":{},"method":"GET","params":{},"url":"http://localhost:3000/projects/new","userId":"cle4n7g4e00008as90nef1w9v"},"timestamp":"2023-02-26T12:32:43.640Z"}
{"level":"info","message":{"context":{},"method":"GET","params":{},"url":"http://localhost:3000/projects/new","userId":"cle4n7g4e00008as90nef1w9v"},"timestamp":"2023-02-26T12:33:02.427Z"}
{"level":"info","message":{"context":{},"method":"GET","params":{},"url":"http://localhost:3000/projects/new","userId":"cle4n7g4e00008as90nef1w9v"},"timestamp":"2023-02-26T12:33:40.080Z"}
{"level":"info","message":{"context":{},"method":"GET","params":{},"url":"http://localhost:3000/projects/new","userId":"cle4n7g4e00008as90nef1w9v"},"timestamp":"2023-02-26T12:34:16.660Z"}
{"level":"info","message":{"context":{},"method":"GET","params":{"id":"cleldick30000y50vmx5r18hn"},"url":"http://localhost:3000/projects/cleldick30000y50vmx5r18hn","userId":"cle4n7g4e00008as90nef1w9v"},"timestamp":"2023-02-26T12:34:39.537Z"}
{"level":"info","message":{"context":{},"method":"GET","params":{"id":"cleldick30000y50vmx5r18hn"},"url":"http://localhost:3000/projects/cleldick30000y50vmx5r18hn","userId":"cle4n7g4e00008as90nef1w9v"},"timestamp":"2023-02-26T12:34:51.618Z"}
{"level":"info","message":{"context":{},"method":"GET","params":{"id":"cleldick30000y50vmx5r18hn"},"url":"http://localhost:3000/projects/cleldick30000y50vmx5r18hn","userId":"cle4n7g4e00008as90nef1w9v"},"timestamp":"2023-02-26T12:34:52.915Z"}
{"level":"info","message":{"context":{},"method":"GET","params":{},"url":"http://localhost:3000/projects","userId":"cle4n7g4e00008as90nef1w9v"},"timestamp":"2023-02-26T12:35:50.112Z"}
{"level":"info","message":{"context":{},"method":"GET","params":{},"url":"http://localhost:3000/projects","userId":"cle4n7g4e00008as90nef1w9v"},"timestamp":"2023-02-26T12:35:53.917Z"}
{"level":"info","message":{"context":{},"method":"GET","params":{},"url":"http://localhost:3000/tasks?assigneeId=cle4n7g4e00008as90nef1w9v","userId":"cle4n7g4e00008as90nef1w9v"},"timestamp":"2023-02-26T12:35:56.101Z"}
{"level":"info","message":{"context":{},"method":"GET","params":{},"url":"http://localhost:3000/tasks?assigneeId=cle4n7g4e00008as90nef1w9v","userId":"cle4n7g4e00008as90nef1w9v"},"timestamp":"2023-02-26T12:36:00.585Z"}
{"level":"info","message":{"context":{},"method":"GET","params":{},"url":"http://localhost:3000/dashboard/logs","userId":"cle4n7g4e00008as90nef1w9v"},"timestamp":"2023-02-26T12:36:20.543Z"}
{"level":"info","message":{"context":{},"method":"GET","params":{},"url":"http://localhost:3000/projects","userId":"cle4n7g4e00008as90nef1w9v"},"timestamp":"2023-02-26T12:36:32.773Z"}
{"level":"info","message":{"context":{},"method":"GET","params":{},"url":"http://localhost:3000/tasks?assigneeId=cle4n7g4e00008as90nef1w9v","userId":"cle4n7g4e00008as90nef1w9v"},"timestamp":"2023-02-26T12:36:33.659Z"}
{"level":"info","message":{"context":{},"method":"GET","params":{},"url":"http://localhost:3000/","userId":"cle4n7g4e00008as90nef1w9v"},"timestamp":"2023-02-26T12:36:35.831Z"}
{"level":"info","message":{"context":{},"method":"GET","params":{},"url":"http://localhost:3000/tasks?assigneeId=cle4n7g4e00008as90nef1w9v","userId":"cle4n7g4e00008as90nef1w9v"},"timestamp":"2023-02-26T12:36:58.599Z"}
{"level":"info","message":{"context":{},"method":"GET","params":{},"url":"http://localhost:3000/projects","userId":"cle4n7g4e00008as90nef1w9v"},"timestamp":"2023-02-26T12:36:59.425Z"}
{"level":"info","message":{"context":{},"method":"GET","params":{},"url":"http://localhost:3000/projects/new","userId":"cle4n7g4e00008as90nef1w9v"},"timestamp":"2023-02-26T12:37:24.721Z"}
{"level":"info","message":{"context":{},"method":"GET","params":{},"url":"http://localhost:3000/projects/new","userId":"cle4n7g4e00008as90nef1w9v"},"timestamp":"2023-02-26T12:37:59.004Z"}
{"level":"info","message":{"context":{},"method":"GET","params":{},"url":"http://localhost:3000/projects/new","userId":"cle4n7g4e00008as90nef1w9v"},"timestamp":"2023-02-26T12:38:38.393Z"}
{"level":"info","message":{"context":{},"method":"GET","params":{},"url":"http://localhost:3000/projects/new","userId":"cle4n7g4e00008as90nef1w9v"},"timestamp":"2023-02-26T12:38:48.604Z"}
{"level":"info","message":{"context":{},"method":"GET","params":{},"url":"http://localhost:3000/projects/new","userId":"cle4n7g4e00008as90nef1w9v"},"timestamp":"2023-02-26T12:39:03.995Z"}
{"level":"info","message":{"context":{},"method":"GET","params":{},"url":"http://localhost:3000/projects/new","userId":"cle4n7g4e00008as90nef1w9v"},"timestamp":"2023-02-26T12:39:11.105Z"}
{"level":"info","message":{"context":{},"method":"GET","params":{},"url":"http://localhost:3000/projects/new","userId":"cle4n7g4e00008as90nef1w9v"},"timestamp":"2023-02-26T12:40:49.966Z"}
{"level":"info","message":{"context":{},"method":"GET","params":{},"url":"http://localhost:3000/projects/new","userId":"cle4n7g4e00008as90nef1w9v"},"timestamp":"2023-02-26T12:41:25.647Z"}
{"level":"info","message":{"context":{},"method":"GET","params":{"id":"clejugioa0000y5hf41bejyt7"},"url":"http://localhost:3000/projects/clejugioa0000y5hf41bejyt7","userId":"cle4n7g4e00008as90nef1w9v"},"timestamp":"2023-02-26T12:41:43.247Z"}
{"level":"info","message":{"context":{},"method":"GET","params":{"id":"clejugioa0000y5hf41bejyt7"},"url":"http://localhost:3000/projects/clejugioa0000y5hf41bejyt7","userId":"cle4n7g4e00008as90nef1w9v"},"timestamp":"2023-02-26T12:41:53.749Z"}
{"level":"info","message":{"context":{},"method":"GET","params":{"id":"clejugioa0000y5hf41bejyt7"},"url":"http://localhost:3000/projects/clejugioa0000y5hf41bejyt7","userId":"cle4n7g4e00008as90nef1w9v"},"timestamp":"2023-02-26T12:41:54.412Z"}
{"level":"info","message":{"context":{},"method":"GET","params":{"id":"clejugioa0000y5hf41bejyt7"},"url":"http://localhost:3000/projects/clejugioa0000y5hf41bejyt7","userId":"cle4n7g4e00008as90nef1w9v"},"timestamp":"2023-02-26T14:54:22.389Z"}
{"level":"info","message":{"context":{},"method":"GET","params":{"id":"clejugioa0000y5hf41bejyt7"},"url":"http://localhost:3000/projects/clejugioa0000y5hf41bejyt7","userId":"cle4n7g4e00008as90nef1w9v"},"timestamp":"2023-02-26T14:54:32.720Z"}
{"level":"info","message":{"context":{},"method":"GET","params":{},"url":"http://localhost:3000/projects","userId":"cle4n7g4e00008as90nef1w9v"},"timestamp":"2023-02-26T14:55:29.380Z"}
{"level":"info","message":{"context":{},"method":"GET","params":{},"url":"http://localhost:3000/projects","userId":"cle4n7g4e00008as90nef1w9v"},"timestamp":"2023-02-26T14:56:07.457Z"}
{"level":"info","message":{"context":{},"method":"GET","params":{"id":"timeline"},"url":"http://localhost:3000/projects/timeline","userId":"cle4n7g4e00008as90nef1w9v"},"timestamp":"2023-02-26T14:56:12.183Z"}
{"level":"info","message":{"context":{},"method":"GET","params":{},"url":"http://localhost:3000/projects/timeline","userId":"cle4n7g4e00008as90nef1w9v"},"timestamp":"2023-02-26T14:56:26.143Z"}
{"level":"info","message":{"context":{},"method":"GET","params":{},"url":"http://localhost:3000/projects","userId":"cle4n7g4e00008as90nef1w9v"},"timestamp":"2023-02-26T14:56:42.627Z"}
